{"C:\\Users\\jerry\\Documents\\CIT\\BCIT-ACIT-2911-Agile Development\\GroupProject\\group6\\ACIT-2911-Project-Term-Application\\projectTracker\\frontend\\src\\components\\header\\header.jsx": {"path":"C:\\Users\\jerry\\Documents\\CIT\\BCIT-ACIT-2911-Agile Development\\GroupProject\\group6\\ACIT-2911-Project-Term-Application\\projectTracker\\frontend\\src\\components\\header\\header.jsx","statementMap":{"0":{"start":{"line":8,"column":21},"end":{"line":8,"column":34}},"1":{"start":{"line":9,"column":21},"end":{"line":9,"column":34}},"2":{"start":{"line":11,"column":22},"end":{"line":11,"column":53}},"3":{"start":{"line":12,"column":18},"end":{"line":12,"column":49}},"4":{"start":{"line":14,"column":28},"end":{"line":14,"column":47}},"5":{"start":{"line":14,"column":34},"end":{"line":14,"column":47}},"6":{"start":{"line":16,"column":32},"end":{"line":18,"column":5}},"7":{"start":{"line":17,"column":8},"end":{"line":17,"column":55}},"8":{"start":{"line":19,"column":30},"end":{"line":21,"column":5}},"9":{"start":{"line":20,"column":8},"end":{"line":20,"column":53}},"10":{"start":{"line":22,"column":4},"end":{"line":30,"column":5}}},"fnMap":{"0":{"name":"Header","decl":{"start":{"line":7,"column":9},"end":{"line":7,"column":15}},"loc":{"start":{"line":7,"column":18},"end":{"line":31,"column":1}},"line":7},"1":{"name":"(anonymous_1)","decl":{"start":{"line":14,"column":28},"end":{"line":14,"column":29}},"loc":{"start":{"line":14,"column":34},"end":{"line":14,"column":47}},"line":14},"2":{"name":"(anonymous_2)","decl":{"start":{"line":16,"column":32},"end":{"line":16,"column":33}},"loc":{"start":{"line":16,"column":38},"end":{"line":18,"column":5}},"line":16},"3":{"name":"(anonymous_3)","decl":{"start":{"line":19,"column":30},"end":{"line":19,"column":31}},"loc":{"start":{"line":19,"column":36},"end":{"line":21,"column":5}},"line":19}},"branchMap":{},"s":{"0":1,"1":1,"2":1,"3":1,"4":1,"5":0,"6":1,"7":1,"8":1,"9":1,"10":1},"f":{"0":1,"1":0,"2":1,"3":1},"b":{},"_coverageSchema":"1a1c01bbd47fc00a2c39e90264f33305004495a9","hash":"91d8713dccdcaf3585580947fbb6d6f2ce9fa5ef"}
,"C:\\Users\\jerry\\Documents\\CIT\\BCIT-ACIT-2911-Agile Development\\GroupProject\\group6\\ACIT-2911-Project-Term-Application\\projectTracker\\frontend\\src\\helpers\\fetchData.js": {"path":"C:\\Users\\jerry\\Documents\\CIT\\BCIT-ACIT-2911-Agile Development\\GroupProject\\group6\\ACIT-2911-Project-Term-Application\\projectTracker\\frontend\\src\\helpers\\fetchData.js","statementMap":{},"fnMap":{},"branchMap":{},"s":{},"f":{},"b":{}}
,"C:\\Users\\jerry\\Documents\\CIT\\BCIT-ACIT-2911-Agile Development\\GroupProject\\group6\\ACIT-2911-Project-Term-Application\\projectTracker\\frontend\\src\\pages\\home\\home.jsx": {"path":"C:\\Users\\jerry\\Documents\\CIT\\BCIT-ACIT-2911-Agile Development\\GroupProject\\group6\\ACIT-2911-Project-Term-Application\\projectTracker\\frontend\\src\\pages\\home\\home.jsx","statementMap":{"0":{"start":{"line":8,"column":26},"end":{"line":8,"column":38}},"1":{"start":{"line":9,"column":44},"end":{"line":9,"column":59}},"2":{"start":{"line":10,"column":34},"end":{"line":10,"column":46}},"3":{"start":{"line":11,"column":19},"end":{"line":11,"column":32}},"4":{"start":{"line":13,"column":23},"end":{"line":15,"column":3}},"5":{"start":{"line":14,"column":4},"end":{"line":14,"column":28}},"6":{"start":{"line":17,"column":23},"end":{"line":33,"column":3}},"7":{"start":{"line":18,"column":4},"end":{"line":18,"column":23}},"8":{"start":{"line":19,"column":4},"end":{"line":32,"column":5}},"9":{"start":{"line":20,"column":35},"end":{"line":26,"column":7}},"10":{"start":{"line":27,"column":6},"end":{"line":27,"column":31}},"11":{"start":{"line":28,"column":6},"end":{"line":28,"column":18}},"12":{"start":{"line":29,"column":6},"end":{"line":29,"column":31}},"13":{"start":{"line":31,"column":6},"end":{"line":31,"column":25}},"14":{"start":{"line":35,"column":30},"end":{"line":48,"column":3}},"15":{"start":{"line":36,"column":4},"end":{"line":47,"column":5}},"16":{"start":{"line":37,"column":18},"end":{"line":39,"column":8}},"17":{"start":{"line":40,"column":6},"end":{"line":40,"column":35}},"18":{"start":{"line":40,"column":28},"end":{"line":40,"column":35}},"19":{"start":{"line":41,"column":6},"end":{"line":43,"column":7}},"20":{"start":{"line":42,"column":8},"end":{"line":42,"column":68}},"21":{"start":{"line":44,"column":6},"end":{"line":44,"column":28}},"22":{"start":{"line":46,"column":6},"end":{"line":46,"column":25}},"23":{"start":{"line":50,"column":29},"end":{"line":53,"column":3}},"24":{"start":{"line":51,"column":4},"end":{"line":51,"column":23}},"25":{"start":{"line":52,"column":4},"end":{"line":52,"column":77}},"26":{"start":{"line":55,"column":30},"end":{"line":65,"column":3}},"27":{"start":{"line":56,"column":4},"end":{"line":64,"column":5}},"28":{"start":{"line":57,"column":6},"end":{"line":59,"column":9}},"29":{"start":{"line":60,"column":6},"end":{"line":60,"column":34}},"30":{"start":{"line":60,"column":30},"end":{"line":60,"column":32}},"31":{"start":{"line":61,"column":6},"end":{"line":61,"column":31}},"32":{"start":{"line":63,"column":6},"end":{"line":63,"column":53}},"33":{"start":{"line":67,"column":2},"end":{"line":69,"column":22}},"34":{"start":{"line":68,"column":4},"end":{"line":68,"column":26}},"35":{"start":{"line":71,"column":2},"end":{"line":109,"column":4}},"36":{"start":{"line":90,"column":10},"end":{"line":105,"column":16}},"37":{"start":{"line":100,"column":29},"end":{"line":100,"column":61}}},"fnMap":{"0":{"name":"Home","decl":{"start":{"line":7,"column":9},"end":{"line":7,"column":13}},"loc":{"start":{"line":7,"column":16},"end":{"line":110,"column":1}},"line":7},"1":{"name":"(anonymous_1)","decl":{"start":{"line":13,"column":23},"end":{"line":13,"column":24}},"loc":{"start":{"line":13,"column":30},"end":{"line":15,"column":3}},"line":13},"2":{"name":"(anonymous_2)","decl":{"start":{"line":17,"column":23},"end":{"line":17,"column":24}},"loc":{"start":{"line":17,"column":36},"end":{"line":33,"column":3}},"line":17},"3":{"name":"(anonymous_3)","decl":{"start":{"line":35,"column":30},"end":{"line":35,"column":31}},"loc":{"start":{"line":35,"column":42},"end":{"line":48,"column":3}},"line":35},"4":{"name":"(anonymous_4)","decl":{"start":{"line":50,"column":29},"end":{"line":50,"column":30}},"loc":{"start":{"line":50,"column":36},"end":{"line":53,"column":3}},"line":50},"5":{"name":"(anonymous_5)","decl":{"start":{"line":55,"column":30},"end":{"line":55,"column":31}},"loc":{"start":{"line":55,"column":44},"end":{"line":65,"column":3}},"line":55},"6":{"name":"(anonymous_6)","decl":{"start":{"line":60,"column":23},"end":{"line":60,"column":24}},"loc":{"start":{"line":60,"column":30},"end":{"line":60,"column":32}},"line":60},"7":{"name":"(anonymous_7)","decl":{"start":{"line":67,"column":12},"end":{"line":67,"column":13}},"loc":{"start":{"line":67,"column":18},"end":{"line":69,"column":3}},"line":67},"8":{"name":"(anonymous_8)","decl":{"start":{"line":89,"column":22},"end":{"line":89,"column":23}},"loc":{"start":{"line":90,"column":10},"end":{"line":105,"column":16}},"line":90},"9":{"name":"(anonymous_9)","decl":{"start":{"line":100,"column":23},"end":{"line":100,"column":24}},"loc":{"start":{"line":100,"column":29},"end":{"line":100,"column":61}},"line":100}},"branchMap":{"0":{"loc":{"start":{"line":40,"column":6},"end":{"line":40,"column":35}},"type":"if","locations":[{"start":{"line":40,"column":6},"end":{"line":40,"column":35}},{"start":{},"end":{}}],"line":40},"1":{"loc":{"start":{"line":41,"column":6},"end":{"line":43,"column":7}},"type":"if","locations":[{"start":{"line":41,"column":6},"end":{"line":43,"column":7}},{"start":{},"end":{}}],"line":41}},"s":{"0":0,"1":0,"2":0,"3":0,"4":0,"5":0,"6":0,"7":0,"8":0,"9":0,"10":0,"11":0,"12":0,"13":0,"14":0,"15":0,"16":0,"17":0,"18":0,"19":0,"20":0,"21":0,"22":0,"23":0,"24":0,"25":0,"26":0,"27":0,"28":0,"29":0,"30":0,"31":0,"32":0,"33":0,"34":0,"35":0,"36":0,"37":0},"f":{"0":0,"1":0,"2":0,"3":0,"4":0,"5":0,"6":0,"7":0,"8":0,"9":0},"b":{"0":[0,0],"1":[0,0]}}
,"C:\\Users\\jerry\\Documents\\CIT\\BCIT-ACIT-2911-Agile Development\\GroupProject\\group6\\ACIT-2911-Project-Term-Application\\projectTracker\\frontend\\src\\pages\\kanban\\kanban.jsx": {"path":"C:\\Users\\jerry\\Documents\\CIT\\BCIT-ACIT-2911-Agile Development\\GroupProject\\group6\\ACIT-2911-Project-Term-Application\\projectTracker\\frontend\\src\\pages\\kanban\\kanban.jsx","statementMap":{"0":{"start":{"line":18,"column":2},"end":{"line":56,"column":4}},"1":{"start":{"line":59,"column":20},"end":{"line":77,"column":1}},"2":{"start":{"line":79,"column":24},"end":{"line":100,"column":1}},"3":{"start":{"line":80,"column":22},"end":{"line":82,"column":3}},"4":{"start":{"line":81,"column":44},"end":{"line":81,"column":66}},"5":{"start":{"line":84,"column":2},"end":{"line":97,"column":5}},"6":{"start":{"line":85,"column":17},"end":{"line":87,"column":5}},"7":{"start":{"line":86,"column":13},"end":{"line":86,"column":64}},"8":{"start":{"line":89,"column":4},"end":{"line":96,"column":5}},"9":{"start":{"line":90,"column":6},"end":{"line":95,"column":9}},"10":{"start":{"line":99,"column":2},"end":{"line":99,"column":21}},"11":{"start":{"line":102,"column":31},"end":{"line":113,"column":1}},"12":{"start":{"line":103,"column":2},"end":{"line":112,"column":3}},"13":{"start":{"line":104,"column":4},"end":{"line":109,"column":7}},"14":{"start":{"line":111,"column":4},"end":{"line":111,"column":49}},"15":{"start":{"line":115,"column":19},"end":{"line":123,"column":1}},"16":{"start":{"line":116,"column":2},"end":{"line":122,"column":3}},"17":{"start":{"line":117,"column":4},"end":{"line":117,"column":64}},"18":{"start":{"line":118,"column":4},"end":{"line":118,"column":39}},"19":{"start":{"line":118,"column":23},"end":{"line":118,"column":39}},"20":{"start":{"line":119,"column":4},"end":{"line":119,"column":29}},"21":{"start":{"line":121,"column":4},"end":{"line":121,"column":49}},"22":{"start":{"line":125,"column":19},"end":{"line":136,"column":1}},"23":{"start":{"line":126,"column":2},"end":{"line":135,"column":3}},"24":{"start":{"line":127,"column":20},"end":{"line":127,"column":58}},"25":{"start":{"line":128,"column":16},"end":{"line":130,"column":6}},"26":{"start":{"line":132,"column":4},"end":{"line":132,"column":39}},"27":{"start":{"line":134,"column":4},"end":{"line":134,"column":50}},"28":{"start":{"line":139,"column":19},"end":{"line":139,"column":32}},"29":{"start":{"line":140,"column":26},"end":{"line":140,"column":47}},"30":{"start":{"line":141,"column":40},"end":{"line":141,"column":55}},"31":{"start":{"line":142,"column":34},"end":{"line":142,"column":49}},"32":{"start":{"line":143,"column":34},"end":{"line":147,"column":4}},"33":{"start":{"line":148,"column":44},"end":{"line":148,"column":58}},"34":{"start":{"line":150,"column":2},"end":{"line":152,"column":9}},"35":{"start":{"line":151,"column":4},"end":{"line":151,"column":24}},"36":{"start":{"line":154,"column":27},"end":{"line":159,"column":3}},"37":{"start":{"line":155,"column":4},"end":{"line":155,"column":23}},"38":{"start":{"line":156,"column":4},"end":{"line":156,"column":66}},"39":{"start":{"line":157,"column":4},"end":{"line":157,"column":27}},"40":{"start":{"line":158,"column":4},"end":{"line":158,"column":30}},"41":{"start":{"line":158,"column":26},"end":{"line":158,"column":28}},"42":{"start":{"line":161,"column":27},"end":{"line":164,"column":3}},"43":{"start":{"line":162,"column":4},"end":{"line":162,"column":26}},"44":{"start":{"line":163,"column":4},"end":{"line":163,"column":27}},"45":{"start":{"line":166,"column":27},"end":{"line":169,"column":3}},"46":{"start":{"line":167,"column":28},"end":{"line":167,"column":36}},"47":{"start":{"line":168,"column":4},"end":{"line":168,"column":50}},"48":{"start":{"line":168,"column":24},"end":{"line":168,"column":47}},"49":{"start":{"line":171,"column":26},"end":{"line":186,"column":3}},"50":{"start":{"line":172,"column":4},"end":{"line":172,"column":23}},"51":{"start":{"line":173,"column":4},"end":{"line":185,"column":5}},"52":{"start":{"line":174,"column":22},"end":{"line":174,"column":60}},"53":{"start":{"line":175,"column":6},"end":{"line":179,"column":8}},"54":{"start":{"line":180,"column":6},"end":{"line":180,"column":25}},"55":{"start":{"line":181,"column":6},"end":{"line":181,"column":31}},"56":{"start":{"line":182,"column":6},"end":{"line":182,"column":25}},"57":{"start":{"line":184,"column":6},"end":{"line":184,"column":25}},"58":{"start":{"line":188,"column":29},"end":{"line":206,"column":3}},"59":{"start":{"line":189,"column":4},"end":{"line":189,"column":23}},"60":{"start":{"line":190,"column":4},"end":{"line":205,"column":5}},"61":{"start":{"line":191,"column":6},"end":{"line":199,"column":8}},"62":{"start":{"line":200,"column":6},"end":{"line":200,"column":25}},"63":{"start":{"line":201,"column":6},"end":{"line":201,"column":31}},"64":{"start":{"line":202,"column":6},"end":{"line":202,"column":25}},"65":{"start":{"line":204,"column":6},"end":{"line":204,"column":25}},"66":{"start":{"line":208,"column":26},"end":{"line":217,"column":3}},"67":{"start":{"line":209,"column":4},"end":{"line":209,"column":24}},"68":{"start":{"line":210,"column":4},"end":{"line":214,"column":7}},"69":{"start":{"line":215,"column":4},"end":{"line":215,"column":30}},"70":{"start":{"line":216,"column":4},"end":{"line":216,"column":25}},"71":{"start":{"line":219,"column":26},"end":{"line":221,"column":3}},"72":{"start":{"line":220,"column":4},"end":{"line":220,"column":75}},"73":{"start":{"line":223,"column":21},"end":{"line":251,"column":3}},"74":{"start":{"line":224,"column":4},"end":{"line":224,"column":23}},"75":{"start":{"line":225,"column":35},"end":{"line":225,"column":77}},"76":{"start":{"line":227,"column":4},"end":{"line":227,"column":46}},"77":{"start":{"line":227,"column":39},"end":{"line":227,"column":46}},"78":{"start":{"line":229,"column":23},"end":{"line":229,"column":74}},"79":{"start":{"line":229,"column":49},"end":{"line":229,"column":73}},"80":{"start":{"line":230,"column":22},"end":{"line":230,"column":38}},"81":{"start":{"line":232,"column":4},"end":{"line":232,"column":50}},"82":{"start":{"line":234,"column":25},"end":{"line":248,"column":6}},"83":{"start":{"line":235,"column":6},"end":{"line":240,"column":7}},"84":{"start":{"line":236,"column":8},"end":{"line":239,"column":10}},"85":{"start":{"line":238,"column":42},"end":{"line":238,"column":58}},"86":{"start":{"line":241,"column":6},"end":{"line":246,"column":7}},"87":{"start":{"line":242,"column":8},"end":{"line":245,"column":10}},"88":{"start":{"line":247,"column":6},"end":{"line":247,"column":18}},"89":{"start":{"line":250,"column":4},"end":{"line":250,"column":37}},"90":{"start":{"line":253,"column":25},"end":{"line":255,"column":3}},"91":{"start":{"line":254,"column":4},"end":{"line":254,"column":23}},"92":{"start":{"line":257,"column":2},"end":{"line":310,"column":4}},"93":{"start":{"line":270,"column":8},"end":{"line":307,"column":14}},"94":{"start":{"line":274,"column":25},"end":{"line":274,"column":47}},"95":{"start":{"line":279,"column":14},"end":{"line":304,"column":20}},"96":{"start":{"line":283,"column":36},"end":{"line":283,"column":69}},"97":{"start":{"line":289,"column":33},"end":{"line":289,"column":66}},"98":{"start":{"line":297,"column":20},"end":{"line":297,"column":40}},"99":{"start":{"line":298,"column":20},"end":{"line":298,"column":52}}},"fnMap":{"0":{"name":"AddTaskCard","decl":{"start":{"line":9,"column":9},"end":{"line":9,"column":20}},"loc":{"start":{"line":17,"column":3},"end":{"line":57,"column":1}},"line":17},"1":{"name":"(anonymous_1)","decl":{"start":{"line":79,"column":24},"end":{"line":79,"column":25}},"loc":{"start":{"line":79,"column":45},"end":{"line":100,"column":1}},"line":79},"2":{"name":"(anonymous_2)","decl":{"start":{"line":81,"column":33},"end":{"line":81,"column":34}},"loc":{"start":{"line":81,"column":44},"end":{"line":81,"column":66}},"line":81},"3":{"name":"(anonymous_3)","decl":{"start":{"line":84,"column":26},"end":{"line":84,"column":27}},"loc":{"start":{"line":84,"column":36},"end":{"line":97,"column":3}},"line":84},"4":{"name":"(anonymous_4)","decl":{"start":{"line":86,"column":6},"end":{"line":86,"column":7}},"loc":{"start":{"line":86,"column":13},"end":{"line":86,"column":64}},"line":86},"5":{"name":"(anonymous_5)","decl":{"start":{"line":102,"column":31},"end":{"line":102,"column":32}},"loc":{"start":{"line":102,"column":58},"end":{"line":113,"column":1}},"line":102},"6":{"name":"(anonymous_6)","decl":{"start":{"line":115,"column":19},"end":{"line":115,"column":20}},"loc":{"start":{"line":115,"column":52},"end":{"line":123,"column":1}},"line":115},"7":{"name":"(anonymous_7)","decl":{"start":{"line":125,"column":19},"end":{"line":125,"column":20}},"loc":{"start":{"line":125,"column":38},"end":{"line":136,"column":1}},"line":125},"8":{"name":"Kanban","decl":{"start":{"line":138,"column":9},"end":{"line":138,"column":15}},"loc":{"start":{"line":138,"column":18},"end":{"line":311,"column":1}},"line":138},"9":{"name":"(anonymous_9)","decl":{"start":{"line":150,"column":12},"end":{"line":150,"column":13}},"loc":{"start":{"line":150,"column":18},"end":{"line":152,"column":3}},"line":150},"10":{"name":"(anonymous_10)","decl":{"start":{"line":154,"column":27},"end":{"line":154,"column":28}},"loc":{"start":{"line":154,"column":33},"end":{"line":159,"column":3}},"line":154},"11":{"name":"(anonymous_11)","decl":{"start":{"line":158,"column":19},"end":{"line":158,"column":20}},"loc":{"start":{"line":158,"column":26},"end":{"line":158,"column":28}},"line":158},"12":{"name":"(anonymous_12)","decl":{"start":{"line":161,"column":27},"end":{"line":161,"column":28}},"loc":{"start":{"line":161,"column":33},"end":{"line":164,"column":3}},"line":161},"13":{"name":"(anonymous_13)","decl":{"start":{"line":166,"column":27},"end":{"line":166,"column":28}},"loc":{"start":{"line":166,"column":34},"end":{"line":169,"column":3}},"line":166},"14":{"name":"(anonymous_14)","decl":{"start":{"line":168,"column":16},"end":{"line":168,"column":17}},"loc":{"start":{"line":168,"column":24},"end":{"line":168,"column":47}},"line":168},"15":{"name":"(anonymous_15)","decl":{"start":{"line":171,"column":26},"end":{"line":171,"column":27}},"loc":{"start":{"line":171,"column":39},"end":{"line":186,"column":3}},"line":171},"16":{"name":"(anonymous_16)","decl":{"start":{"line":188,"column":29},"end":{"line":188,"column":30}},"loc":{"start":{"line":188,"column":42},"end":{"line":206,"column":3}},"line":188},"17":{"name":"(anonymous_17)","decl":{"start":{"line":208,"column":26},"end":{"line":208,"column":27}},"loc":{"start":{"line":208,"column":47},"end":{"line":217,"column":3}},"line":208},"18":{"name":"(anonymous_18)","decl":{"start":{"line":219,"column":26},"end":{"line":219,"column":27}},"loc":{"start":{"line":219,"column":53},"end":{"line":221,"column":3}},"line":219},"19":{"name":"(anonymous_19)","decl":{"start":{"line":223,"column":21},"end":{"line":223,"column":22}},"loc":{"start":{"line":223,"column":48},"end":{"line":251,"column":3}},"line":223},"20":{"name":"(anonymous_20)","decl":{"start":{"line":229,"column":39},"end":{"line":229,"column":40}},"loc":{"start":{"line":229,"column":49},"end":{"line":229,"column":73}},"line":229},"21":{"name":"(anonymous_21)","decl":{"start":{"line":234,"column":40},"end":{"line":234,"column":41}},"loc":{"start":{"line":234,"column":50},"end":{"line":248,"column":5}},"line":234},"22":{"name":"(anonymous_22)","decl":{"start":{"line":238,"column":35},"end":{"line":238,"column":36}},"loc":{"start":{"line":238,"column":42},"end":{"line":238,"column":58}},"line":238},"23":{"name":"(anonymous_23)","decl":{"start":{"line":253,"column":25},"end":{"line":253,"column":26}},"loc":{"start":{"line":253,"column":32},"end":{"line":255,"column":3}},"line":253},"24":{"name":"(anonymous_24)","decl":{"start":{"line":269,"column":22},"end":{"line":269,"column":23}},"loc":{"start":{"line":270,"column":8},"end":{"line":307,"column":14}},"line":270},"25":{"name":"(anonymous_25)","decl":{"start":{"line":274,"column":18},"end":{"line":274,"column":19}},"loc":{"start":{"line":274,"column":25},"end":{"line":274,"column":47}},"line":274},"26":{"name":"(anonymous_26)","decl":{"start":{"line":278,"column":28},"end":{"line":278,"column":29}},"loc":{"start":{"line":279,"column":14},"end":{"line":304,"column":20}},"line":279},"27":{"name":"(anonymous_27)","decl":{"start":{"line":283,"column":29},"end":{"line":283,"column":30}},"loc":{"start":{"line":283,"column":36},"end":{"line":283,"column":69}},"line":283},"28":{"name":"(anonymous_28)","decl":{"start":{"line":289,"column":27},"end":{"line":289,"column":28}},"loc":{"start":{"line":289,"column":33},"end":{"line":289,"column":66}},"line":289},"29":{"name":"(anonymous_29)","decl":{"start":{"line":296,"column":27},"end":{"line":296,"column":28}},"loc":{"start":{"line":296,"column":34},"end":{"line":299,"column":19}},"line":296}},"branchMap":{"0":{"loc":{"start":{"line":21,"column":9},"end":{"line":21,"column":71}},"type":"cond-expr","locations":[{"start":{"line":21,"column":19},"end":{"line":21,"column":27}},{"start":{"line":21,"column":30},"end":{"line":21,"column":71}}],"line":21},"1":{"loc":{"start":{"line":21,"column":30},"end":{"line":21,"column":71}},"type":"cond-expr","locations":[{"start":{"line":21,"column":47},"end":{"line":21,"column":57}},{"start":{"line":21,"column":60},"end":{"line":21,"column":71}}],"line":21},"2":{"loc":{"start":{"line":23,"column":7},"end":{"line":54,"column":7}},"type":"binary-expr","locations":[{"start":{"line":23,"column":7},"end":{"line":23,"column":14}},{"start":{"line":24,"column":8},"end":{"line":53,"column":15}}],"line":23},"3":{"loc":{"start":{"line":51,"column":13},"end":{"line":51,"column":57}},"type":"cond-expr","locations":[{"start":{"line":51,"column":30},"end":{"line":51,"column":41}},{"start":{"line":51,"column":44},"end":{"line":51,"column":57}}],"line":51},"4":{"loc":{"start":{"line":89,"column":4},"end":{"line":96,"column":5}},"type":"if","locations":[{"start":{"line":89,"column":4},"end":{"line":96,"column":5}},{"start":{},"end":{}}],"line":89},"5":{"loc":{"start":{"line":94,"column":14},"end":{"line":94,"column":34}},"type":"binary-expr","locations":[{"start":{"line":94,"column":14},"end":{"line":94,"column":28}},{"start":{"line":94,"column":32},"end":{"line":94,"column":34}}],"line":94},"6":{"loc":{"start":{"line":108,"column":12},"end":{"line":108,"column":40}},"type":"cond-expr","locations":[{"start":{"line":108,"column":24},"end":{"line":108,"column":35}},{"start":{"line":108,"column":38},"end":{"line":108,"column":40}}],"line":108},"7":{"loc":{"start":{"line":118,"column":4},"end":{"line":118,"column":39}},"type":"if","locations":[{"start":{"line":118,"column":4},"end":{"line":118,"column":39}},{"start":{},"end":{}}],"line":118},"8":{"loc":{"start":{"line":177,"column":38},"end":{"line":177,"column":74}},"type":"cond-expr","locations":[{"start":{"line":177,"column":54},"end":{"line":177,"column":69}},{"start":{"line":177,"column":72},"end":{"line":177,"column":74}}],"line":177},"9":{"loc":{"start":{"line":195,"column":16},"end":{"line":195,"column":52}},"type":"cond-expr","locations":[{"start":{"line":195,"column":32},"end":{"line":195,"column":47}},{"start":{"line":195,"column":50},"end":{"line":195,"column":52}}],"line":195},"10":{"loc":{"start":{"line":227,"column":4},"end":{"line":227,"column":46}},"type":"if","locations":[{"start":{"line":227,"column":4},"end":{"line":227,"column":46}},{"start":{},"end":{}}],"line":227},"11":{"loc":{"start":{"line":235,"column":6},"end":{"line":240,"column":7}},"type":"if","locations":[{"start":{"line":235,"column":6},"end":{"line":240,"column":7}},{"start":{},"end":{}}],"line":235},"12":{"loc":{"start":{"line":241,"column":6},"end":{"line":246,"column":7}},"type":"if","locations":[{"start":{"line":241,"column":6},"end":{"line":246,"column":7}},{"start":{},"end":{}}],"line":241},"13":{"loc":{"start":{"line":265,"column":18},"end":{"line":265,"column":75}},"type":"cond-expr","locations":[{"start":{"line":265,"column":39},"end":{"line":265,"column":54}},{"start":{"line":265,"column":57},"end":{"line":265,"column":75}}],"line":265}},"s":{"0":0,"1":1,"2":1,"3":3,"4":9,"5":3,"6":5,"7":8,"8":5,"9":5,"10":3,"11":1,"12":2,"13":2,"14":1,"15":1,"16":2,"17":2,"18":1,"19":1,"20":1,"21":1,"22":1,"23":2,"24":2,"25":2,"26":1,"27":1,"28":0,"29":0,"30":0,"31":0,"32":0,"33":0,"34":0,"35":0,"36":0,"37":0,"38":0,"39":0,"40":0,"41":0,"42":0,"43":0,"44":0,"45":0,"46":0,"47":0,"48":0,"49":0,"50":0,"51":0,"52":0,"53":0,"54":0,"55":0,"56":0,"57":0,"58":0,"59":0,"60":0,"61":0,"62":0,"63":0,"64":0,"65":0,"66":0,"67":0,"68":0,"69":0,"70":0,"71":0,"72":0,"73":0,"74":0,"75":0,"76":0,"77":0,"78":0,"79":0,"80":0,"81":0,"82":0,"83":0,"84":0,"85":0,"86":0,"87":0,"88":0,"89":0,"90":0,"91":0,"92":0,"93":0,"94":0,"95":0,"96":0,"97":0,"98":0,"99":0},"f":{"0":0,"1":3,"2":9,"3":5,"4":8,"5":2,"6":2,"7":2,"8":0,"9":0,"10":0,"11":0,"12":0,"13":0,"14":0,"15":0,"16":0,"17":0,"18":0,"19":0,"20":0,"21":0,"22":0,"23":0,"24":0,"25":0,"26":0,"27":0,"28":0,"29":0},"b":{"0":[0,0],"1":[0,0],"2":[0,0],"3":[0,0],"4":[5,0],"5":[5,1],"6":[2,0],"7":[1,0],"8":[0,0],"9":[0,0],"10":[0,0],"11":[0,0],"12":[0,0],"13":[0,0]},"_coverageSchema":"1a1c01bbd47fc00a2c39e90264f33305004495a9","hash":"6baa3432e877765e953214883e7246a2c00c9c65"}
,"C:\\Users\\jerry\\Documents\\CIT\\BCIT-ACIT-2911-Agile Development\\GroupProject\\group6\\ACIT-2911-Project-Term-Application\\projectTracker\\frontend\\src\\pages\\timeLine\\timeLine.jsx": {"path":"C:\\Users\\jerry\\Documents\\CIT\\BCIT-ACIT-2911-Agile Development\\GroupProject\\group6\\ACIT-2911-Project-Term-Application\\projectTracker\\frontend\\src\\pages\\timeLine\\timeLine.jsx","statementMap":{"0":{"start":{"line":17,"column":21},"end":{"line":36,"column":1}},"1":{"start":{"line":18,"column":24},"end":{"line":32,"column":7}},"2":{"start":{"line":20,"column":17},"end":{"line":20,"column":76}},"3":{"start":{"line":22,"column":21},"end":{"line":32,"column":5}},"4":{"start":{"line":34,"column":2},"end":{"line":34,"column":54}},"5":{"start":{"line":35,"column":2},"end":{"line":35,"column":23}},"6":{"start":{"line":38,"column":20},"end":{"line":54,"column":1}},"7":{"start":{"line":39,"column":16},"end":{"line":39,"column":47}},"8":{"start":{"line":40,"column":2},"end":{"line":53,"column":3}},"9":{"start":{"line":42,"column":16},"end":{"line":44,"column":6}},"10":{"start":{"line":45,"column":4},"end":{"line":45,"column":20}},"11":{"start":{"line":48,"column":29},"end":{"line":48,"column":51}},"12":{"start":{"line":49,"column":4},"end":{"line":49,"column":26}},"13":{"start":{"line":50,"column":4},"end":{"line":50,"column":39}},"14":{"start":{"line":52,"column":4},"end":{"line":52,"column":51}},"15":{"start":{"line":56,"column":20},"end":{"line":63,"column":1}},"16":{"start":{"line":57,"column":2},"end":{"line":62,"column":3}},"17":{"start":{"line":58,"column":4},"end":{"line":58,"column":66}},"18":{"start":{"line":59,"column":4},"end":{"line":59,"column":21}},"19":{"start":{"line":61,"column":4},"end":{"line":61,"column":50}},"20":{"start":{"line":66,"column":44},"end":{"line":66,"column":59}},"21":{"start":{"line":67,"column":32},"end":{"line":67,"column":47}},"22":{"start":{"line":68,"column":32},"end":{"line":68,"column":44}},"23":{"start":{"line":69,"column":45},"end":{"line":69,"column":57}},"24":{"start":{"line":70,"column":34},"end":{"line":75,"column":4}},"25":{"start":{"line":77,"column":19},"end":{"line":77,"column":32}},"26":{"start":{"line":79,"column":2},"end":{"line":81,"column":9}},"27":{"start":{"line":80,"column":4},"end":{"line":80,"column":44}},"28":{"start":{"line":84,"column":28},"end":{"line":91,"column":3}},"29":{"start":{"line":85,"column":22},"end":{"line":85,"column":39}},"30":{"start":{"line":86,"column":23},"end":{"line":86,"column":41}},"31":{"start":{"line":87,"column":4},"end":{"line":90,"column":7}},"32":{"start":{"line":93,"column":22},"end":{"line":122,"column":3}},"33":{"start":{"line":94,"column":4},"end":{"line":94,"column":27}},"34":{"start":{"line":96,"column":29},"end":{"line":101,"column":5}},"35":{"start":{"line":104,"column":4},"end":{"line":112,"column":5}},"36":{"start":{"line":105,"column":6},"end":{"line":108,"column":8}},"37":{"start":{"line":109,"column":6},"end":{"line":109,"column":52}},"38":{"start":{"line":111,"column":6},"end":{"line":111,"column":50}},"39":{"start":{"line":114,"column":4},"end":{"line":119,"column":7}},"40":{"start":{"line":121,"column":4},"end":{"line":121,"column":28}},"41":{"start":{"line":124,"column":22},"end":{"line":150,"column":3}},"42":{"start":{"line":125,"column":33},"end":{"line":129,"column":5}},"43":{"start":{"line":132,"column":4},"end":{"line":140,"column":5}},"44":{"start":{"line":133,"column":6},"end":{"line":136,"column":8}},"45":{"start":{"line":137,"column":6},"end":{"line":137,"column":52}},"46":{"start":{"line":139,"column":6},"end":{"line":139,"column":52}},"47":{"start":{"line":142,"column":4},"end":{"line":147,"column":7}},"48":{"start":{"line":149,"column":4},"end":{"line":149,"column":28}},"49":{"start":{"line":153,"column":2},"end":{"line":224,"column":4}},"50":{"start":{"line":156,"column":23},"end":{"line":156,"column":55}},"51":{"start":{"line":163,"column":39},"end":{"line":163,"column":59}},"52":{"start":{"line":190,"column":10},"end":{"line":220,"column":36}},"53":{"start":{"line":203,"column":16},"end":{"line":203,"column":81}},"54":{"start":{"line":203,"column":40},"end":{"line":203,"column":79}},"55":{"start":{"line":212,"column":16},"end":{"line":212,"column":38}},"56":{"start":{"line":213,"column":16},"end":{"line":213,"column":31}},"57":{"start":{"line":214,"column":16},"end":{"line":214,"column":32}}},"fnMap":{"0":{"name":"(anonymous_0)","decl":{"start":{"line":17,"column":21},"end":{"line":17,"column":22}},"loc":{"start":{"line":17,"column":42},"end":{"line":36,"column":1}},"line":17},"1":{"name":"(anonymous_1)","decl":{"start":{"line":20,"column":6},"end":{"line":20,"column":7}},"loc":{"start":{"line":20,"column":17},"end":{"line":20,"column":76}},"line":20},"2":{"name":"(anonymous_2)","decl":{"start":{"line":22,"column":9},"end":{"line":22,"column":10}},"loc":{"start":{"line":22,"column":21},"end":{"line":32,"column":5}},"line":22},"3":{"name":"(anonymous_3)","decl":{"start":{"line":38,"column":20},"end":{"line":38,"column":21}},"loc":{"start":{"line":38,"column":58},"end":{"line":54,"column":1}},"line":38},"4":{"name":"(anonymous_4)","decl":{"start":{"line":56,"column":20},"end":{"line":56,"column":21}},"loc":{"start":{"line":56,"column":55},"end":{"line":63,"column":1}},"line":56},"5":{"name":"TimeLine","decl":{"start":{"line":65,"column":9},"end":{"line":65,"column":17}},"loc":{"start":{"line":65,"column":20},"end":{"line":225,"column":1}},"line":65},"6":{"name":"(anonymous_6)","decl":{"start":{"line":79,"column":12},"end":{"line":79,"column":13}},"loc":{"start":{"line":79,"column":18},"end":{"line":81,"column":3}},"line":79},"7":{"name":"(anonymous_7)","decl":{"start":{"line":84,"column":28},"end":{"line":84,"column":29}},"loc":{"start":{"line":84,"column":39},"end":{"line":91,"column":3}},"line":84},"8":{"name":"(anonymous_8)","decl":{"start":{"line":93,"column":22},"end":{"line":93,"column":23}},"loc":{"start":{"line":93,"column":39},"end":{"line":122,"column":3}},"line":93},"9":{"name":"(anonymous_9)","decl":{"start":{"line":124,"column":22},"end":{"line":124,"column":23}},"loc":{"start":{"line":124,"column":41},"end":{"line":150,"column":3}},"line":124},"10":{"name":"(anonymous_10)","decl":{"start":{"line":156,"column":17},"end":{"line":156,"column":18}},"loc":{"start":{"line":156,"column":23},"end":{"line":156,"column":55}},"line":156},"11":{"name":"(anonymous_11)","decl":{"start":{"line":163,"column":34},"end":{"line":163,"column":35}},"loc":{"start":{"line":163,"column":38},"end":{"line":163,"column":60}},"line":163},"12":{"name":"(anonymous_12)","decl":{"start":{"line":189,"column":28},"end":{"line":189,"column":29}},"loc":{"start":{"line":190,"column":10},"end":{"line":220,"column":36}},"line":190},"13":{"name":"(anonymous_13)","decl":{"start":{"line":202,"column":23},"end":{"line":202,"column":24}},"loc":{"start":{"line":202,"column":29},"end":{"line":204,"column":15}},"line":202},"14":{"name":"(anonymous_14)","decl":{"start":{"line":203,"column":34},"end":{"line":203,"column":35}},"loc":{"start":{"line":203,"column":40},"end":{"line":203,"column":79}},"line":203},"15":{"name":"(anonymous_15)","decl":{"start":{"line":211,"column":23},"end":{"line":211,"column":24}},"loc":{"start":{"line":211,"column":29},"end":{"line":215,"column":15}},"line":211}},"branchMap":{"0":{"loc":{"start":{"line":20,"column":17},"end":{"line":20,"column":76}},"type":"binary-expr","locations":[{"start":{"line":20,"column":17},"end":{"line":20,"column":26}},{"start":{"line":20,"column":30},"end":{"line":20,"column":41}},{"start":{"line":20,"column":45},"end":{"line":20,"column":62}},{"start":{"line":20,"column":66},"end":{"line":20,"column":76}}],"line":20},"1":{"loc":{"start":{"line":27,"column":8},"end":{"line":31,"column":14}},"type":"cond-expr","locations":[{"start":{"line":28,"column":12},"end":{"line":28,"column":26}},{"start":{"line":29,"column":12},"end":{"line":31,"column":14}}],"line":27},"2":{"loc":{"start":{"line":159,"column":9},"end":{"line":159,"column":56}},"type":"cond-expr","locations":[{"start":{"line":159,"column":25},"end":{"line":159,"column":33}},{"start":{"line":159,"column":36},"end":{"line":159,"column":56}}],"line":159},"3":{"loc":{"start":{"line":162,"column":7},"end":{"line":187,"column":7}},"type":"binary-expr","locations":[{"start":{"line":162,"column":7},"end":{"line":162,"column":20}},{"start":{"line":163,"column":8},"end":{"line":186,"column":15}}],"line":162},"4":{"loc":{"start":{"line":163,"column":24},"end":{"line":163,"column":73}},"type":"cond-expr","locations":[{"start":{"line":163,"column":34},"end":{"line":163,"column":60}},{"start":{"line":163,"column":62},"end":{"line":163,"column":73}}],"line":163},"5":{"loc":{"start":{"line":185,"column":33},"end":{"line":185,"column":71}},"type":"cond-expr","locations":[{"start":{"line":185,"column":44},"end":{"line":185,"column":58}},{"start":{"line":185,"column":60},"end":{"line":185,"column":71}}],"line":185}},"s":{"0":1,"1":2,"2":2,"3":2,"4":2,"5":2,"6":1,"7":3,"8":3,"9":3,"10":2,"11":2,"12":2,"13":2,"14":1,"15":1,"16":2,"17":2,"18":1,"19":1,"20":0,"21":0,"22":0,"23":0,"24":0,"25":0,"26":0,"27":0,"28":0,"29":0,"30":0,"31":0,"32":0,"33":0,"34":0,"35":0,"36":0,"37":0,"38":0,"39":0,"40":0,"41":0,"42":0,"43":0,"44":0,"45":0,"46":0,"47":0,"48":0,"49":0,"50":0,"51":0,"52":0,"53":0,"54":0,"55":0,"56":0,"57":0},"f":{"0":2,"1":2,"2":2,"3":3,"4":2,"5":0,"6":0,"7":0,"8":0,"9":0,"10":0,"11":0,"12":0,"13":0,"14":0,"15":0},"b":{"0":[2,2,2,2],"1":[0,2],"2":[0,0],"3":[0,0],"4":[0,0],"5":[0,0]},"_coverageSchema":"1a1c01bbd47fc00a2c39e90264f33305004495a9","hash":"c081e4f40a2948bec33b19c41c1b82ec110bc6fd"}
}
