{"F:\\Computer_programming\\BCIT\\project_term\\ACIT-2911-Project-Term-Application\\frontend\\src\\components\\header\\header.jsx": {"path":"F:\\Computer_programming\\BCIT\\project_term\\ACIT-2911-Project-Term-Application\\frontend\\src\\components\\header\\header.jsx","statementMap":{"0":{"start":{"line":8,"column":21},"end":{"line":8,"column":34}},"1":{"start":{"line":9,"column":32},"end":{"line":11,"column":5}},"2":{"start":{"line":10,"column":8},"end":{"line":10,"column":21}},"3":{"start":{"line":12,"column":30},"end":{"line":14,"column":5}},"4":{"start":{"line":13,"column":8},"end":{"line":13,"column":27}},"5":{"start":{"line":15,"column":30},"end":{"line":17,"column":5}},"6":{"start":{"line":16,"column":8},"end":{"line":16,"column":27}},"7":{"start":{"line":18,"column":4},"end":{"line":26,"column":5}}},"fnMap":{"0":{"name":"Header","decl":{"start":{"line":7,"column":9},"end":{"line":7,"column":15}},"loc":{"start":{"line":7,"column":18},"end":{"line":27,"column":1}},"line":7},"1":{"name":"(anonymous_1)","decl":{"start":{"line":9,"column":32},"end":{"line":9,"column":33}},"loc":{"start":{"line":9,"column":39},"end":{"line":11,"column":5}},"line":9},"2":{"name":"(anonymous_2)","decl":{"start":{"line":12,"column":30},"end":{"line":12,"column":31}},"loc":{"start":{"line":12,"column":37},"end":{"line":14,"column":5}},"line":12},"3":{"name":"(anonymous_3)","decl":{"start":{"line":15,"column":30},"end":{"line":15,"column":31}},"loc":{"start":{"line":15,"column":37},"end":{"line":17,"column":5}},"line":15}},"branchMap":{},"s":{"0":1,"1":1,"2":1,"3":1,"4":1,"5":1,"6":1,"7":1},"f":{"0":1,"1":1,"2":1,"3":1},"b":{},"_coverageSchema":"1a1c01bbd47fc00a2c39e90264f33305004495a9","hash":"5a9fe700202df646b3e2f4c0f693630ce645a496"}
,"F:\\Computer_programming\\BCIT\\project_term\\ACIT-2911-Project-Term-Application\\frontend\\src\\components\\kanban\\kanban.jsx": {"path":"F:\\Computer_programming\\BCIT\\project_term\\ACIT-2911-Project-Term-Application\\frontend\\src\\components\\kanban\\kanban.jsx","statementMap":{"0":{"start":{"line":9,"column":44},"end":{"line":9,"column":59}},"1":{"start":{"line":10,"column":32},"end":{"line":14,"column":4}},"2":{"start":{"line":16,"column":28},"end":{"line":23,"column":3}},"3":{"start":{"line":17,"column":22},"end":{"line":17,"column":39}},"4":{"start":{"line":18,"column":23},"end":{"line":18,"column":41}},"5":{"start":{"line":19,"column":4},"end":{"line":22,"column":7}},"6":{"start":{"line":25,"column":21},"end":{"line":41,"column":3}},"7":{"start":{"line":26,"column":4},"end":{"line":26,"column":27}},"8":{"start":{"line":27,"column":23},"end":{"line":31,"column":5}},"9":{"start":{"line":33,"column":4},"end":{"line":38,"column":5}},"10":{"start":{"line":34,"column":6},"end":{"line":34,"column":78}},"11":{"start":{"line":35,"column":6},"end":{"line":35,"column":37}},"12":{"start":{"line":35,"column":23},"end":{"line":35,"column":37}},"13":{"start":{"line":37,"column":6},"end":{"line":37,"column":49}},"14":{"start":{"line":39,"column":4},"end":{"line":39,"column":65}},"15":{"start":{"line":40,"column":4},"end":{"line":40,"column":28}},"16":{"start":{"line":43,"column":2},"end":{"line":82,"column":4}},"17":{"start":{"line":46,"column":23},"end":{"line":46,"column":55}},"18":{"start":{"line":85,"column":20},"end":{"line":103,"column":1}},"19":{"start":{"line":105,"column":24},"end":{"line":126,"column":1}},"20":{"start":{"line":106,"column":22},"end":{"line":108,"column":3}},"21":{"start":{"line":107,"column":44},"end":{"line":107,"column":66}},"22":{"start":{"line":110,"column":2},"end":{"line":123,"column":5}},"23":{"start":{"line":111,"column":17},"end":{"line":113,"column":5}},"24":{"start":{"line":112,"column":13},"end":{"line":112,"column":64}},"25":{"start":{"line":115,"column":4},"end":{"line":122,"column":5}},"26":{"start":{"line":116,"column":6},"end":{"line":121,"column":9}},"27":{"start":{"line":125,"column":2},"end":{"line":125,"column":21}},"28":{"start":{"line":128,"column":19},"end":{"line":138,"column":1}},"29":{"start":{"line":129,"column":2},"end":{"line":137,"column":3}},"30":{"start":{"line":131,"column":16},"end":{"line":131,"column":62}},"31":{"start":{"line":132,"column":29},"end":{"line":132,"column":54}},"32":{"start":{"line":134,"column":4},"end":{"line":134,"column":30}},"33":{"start":{"line":136,"column":4},"end":{"line":136,"column":50}},"34":{"start":{"line":140,"column":31},"end":{"line":162,"column":1}},"35":{"start":{"line":143,"column":2},"end":{"line":161,"column":3}},"36":{"start":{"line":153,"column":4},"end":{"line":158,"column":7}},"37":{"start":{"line":160,"column":4},"end":{"line":160,"column":49}},"38":{"start":{"line":164,"column":19},"end":{"line":172,"column":1}},"39":{"start":{"line":165,"column":2},"end":{"line":171,"column":3}},"40":{"start":{"line":167,"column":4},"end":{"line":167,"column":64}},"41":{"start":{"line":168,"column":4},"end":{"line":168,"column":39}},"42":{"start":{"line":168,"column":23},"end":{"line":168,"column":39}},"43":{"start":{"line":170,"column":4},"end":{"line":170,"column":49}},"44":{"start":{"line":175,"column":26},"end":{"line":175,"column":47}},"45":{"start":{"line":177,"column":2},"end":{"line":179,"column":9}},"46":{"start":{"line":178,"column":4},"end":{"line":178,"column":24}},"47":{"start":{"line":181,"column":26},"end":{"line":183,"column":3}},"48":{"start":{"line":182,"column":4},"end":{"line":182,"column":75}},"49":{"start":{"line":185,"column":21},"end":{"line":216,"column":3}},"50":{"start":{"line":186,"column":4},"end":{"line":186,"column":23}},"51":{"start":{"line":187,"column":35},"end":{"line":187,"column":77}},"52":{"start":{"line":189,"column":4},"end":{"line":189,"column":46}},"53":{"start":{"line":189,"column":39},"end":{"line":189,"column":46}},"54":{"start":{"line":191,"column":23},"end":{"line":191,"column":74}},"55":{"start":{"line":191,"column":49},"end":{"line":191,"column":73}},"56":{"start":{"line":192,"column":22},"end":{"line":192,"column":38}},"57":{"start":{"line":194,"column":4},"end":{"line":194,"column":50}},"58":{"start":{"line":196,"column":25},"end":{"line":211,"column":6}},"59":{"start":{"line":197,"column":6},"end":{"line":202,"column":7}},"60":{"start":{"line":198,"column":8},"end":{"line":201,"column":10}},"61":{"start":{"line":200,"column":42},"end":{"line":200,"column":58}},"62":{"start":{"line":203,"column":6},"end":{"line":208,"column":7}},"63":{"start":{"line":204,"column":8},"end":{"line":207,"column":10}},"64":{"start":{"line":210,"column":6},"end":{"line":210,"column":18}},"65":{"start":{"line":213,"column":4},"end":{"line":213,"column":37}},"66":{"start":{"line":214,"column":4},"end":{"line":214,"column":22}},"67":{"start":{"line":218,"column":25},"end":{"line":220,"column":3}},"68":{"start":{"line":219,"column":4},"end":{"line":219,"column":23}},"69":{"start":{"line":222,"column":2},"end":{"line":260,"column":4}},"70":{"start":{"line":224,"column":38},"end":{"line":224,"column":57}},"71":{"start":{"line":226,"column":8},"end":{"line":257,"column":14}},"72":{"start":{"line":230,"column":25},"end":{"line":230,"column":47}},"73":{"start":{"line":235,"column":14},"end":{"line":254,"column":20}},"74":{"start":{"line":239,"column":36},"end":{"line":239,"column":69}},"75":{"start":{"line":247,"column":20},"end":{"line":247,"column":40}},"76":{"start":{"line":248,"column":20},"end":{"line":248,"column":67}},"77":{"start":{"line":248,"column":46},"end":{"line":248,"column":65}}},"fnMap":{"0":{"name":"AddTaskCard","decl":{"start":{"line":8,"column":9},"end":{"line":8,"column":20}},"loc":{"start":{"line":8,"column":46},"end":{"line":83,"column":1}},"line":8},"1":{"name":"(anonymous_1)","decl":{"start":{"line":16,"column":28},"end":{"line":16,"column":29}},"loc":{"start":{"line":16,"column":39},"end":{"line":23,"column":3}},"line":16},"2":{"name":"(anonymous_2)","decl":{"start":{"line":25,"column":21},"end":{"line":25,"column":22}},"loc":{"start":{"line":25,"column":38},"end":{"line":41,"column":3}},"line":25},"3":{"name":"(anonymous_3)","decl":{"start":{"line":46,"column":17},"end":{"line":46,"column":18}},"loc":{"start":{"line":46,"column":23},"end":{"line":46,"column":55}},"line":46},"4":{"name":"(anonymous_4)","decl":{"start":{"line":105,"column":24},"end":{"line":105,"column":25}},"loc":{"start":{"line":105,"column":45},"end":{"line":126,"column":1}},"line":105},"5":{"name":"(anonymous_5)","decl":{"start":{"line":107,"column":33},"end":{"line":107,"column":34}},"loc":{"start":{"line":107,"column":44},"end":{"line":107,"column":66}},"line":107},"6":{"name":"(anonymous_6)","decl":{"start":{"line":110,"column":26},"end":{"line":110,"column":27}},"loc":{"start":{"line":110,"column":36},"end":{"line":123,"column":3}},"line":110},"7":{"name":"(anonymous_7)","decl":{"start":{"line":112,"column":6},"end":{"line":112,"column":7}},"loc":{"start":{"line":112,"column":13},"end":{"line":112,"column":64}},"line":112},"8":{"name":"(anonymous_8)","decl":{"start":{"line":128,"column":19},"end":{"line":128,"column":20}},"loc":{"start":{"line":128,"column":38},"end":{"line":138,"column":1}},"line":128},"9":{"name":"(anonymous_9)","decl":{"start":{"line":140,"column":31},"end":{"line":140,"column":32}},"loc":{"start":{"line":140,"column":58},"end":{"line":162,"column":1}},"line":140},"10":{"name":"(anonymous_10)","decl":{"start":{"line":164,"column":19},"end":{"line":164,"column":20}},"loc":{"start":{"line":164,"column":52},"end":{"line":172,"column":1}},"line":164},"11":{"name":"Kanban","decl":{"start":{"line":174,"column":9},"end":{"line":174,"column":15}},"loc":{"start":{"line":174,"column":18},"end":{"line":261,"column":1}},"line":174},"12":{"name":"(anonymous_12)","decl":{"start":{"line":177,"column":12},"end":{"line":177,"column":13}},"loc":{"start":{"line":177,"column":18},"end":{"line":179,"column":3}},"line":177},"13":{"name":"(anonymous_13)","decl":{"start":{"line":181,"column":26},"end":{"line":181,"column":27}},"loc":{"start":{"line":181,"column":53},"end":{"line":183,"column":3}},"line":181},"14":{"name":"(anonymous_14)","decl":{"start":{"line":185,"column":21},"end":{"line":185,"column":22}},"loc":{"start":{"line":185,"column":48},"end":{"line":216,"column":3}},"line":185},"15":{"name":"(anonymous_15)","decl":{"start":{"line":191,"column":39},"end":{"line":191,"column":40}},"loc":{"start":{"line":191,"column":49},"end":{"line":191,"column":73}},"line":191},"16":{"name":"(anonymous_16)","decl":{"start":{"line":196,"column":40},"end":{"line":196,"column":41}},"loc":{"start":{"line":196,"column":50},"end":{"line":211,"column":5}},"line":196},"17":{"name":"(anonymous_17)","decl":{"start":{"line":200,"column":35},"end":{"line":200,"column":36}},"loc":{"start":{"line":200,"column":42},"end":{"line":200,"column":58}},"line":200},"18":{"name":"(anonymous_18)","decl":{"start":{"line":218,"column":25},"end":{"line":218,"column":26}},"loc":{"start":{"line":218,"column":32},"end":{"line":220,"column":3}},"line":218},"19":{"name":"(anonymous_19)","decl":{"start":{"line":224,"column":32},"end":{"line":224,"column":33}},"loc":{"start":{"line":224,"column":38},"end":{"line":224,"column":57}},"line":224},"20":{"name":"(anonymous_20)","decl":{"start":{"line":225,"column":22},"end":{"line":225,"column":23}},"loc":{"start":{"line":226,"column":8},"end":{"line":257,"column":14}},"line":226},"21":{"name":"(anonymous_21)","decl":{"start":{"line":230,"column":18},"end":{"line":230,"column":19}},"loc":{"start":{"line":230,"column":25},"end":{"line":230,"column":47}},"line":230},"22":{"name":"(anonymous_22)","decl":{"start":{"line":234,"column":28},"end":{"line":234,"column":29}},"loc":{"start":{"line":235,"column":14},"end":{"line":254,"column":20}},"line":235},"23":{"name":"(anonymous_23)","decl":{"start":{"line":239,"column":29},"end":{"line":239,"column":30}},"loc":{"start":{"line":239,"column":36},"end":{"line":239,"column":69}},"line":239},"24":{"name":"(anonymous_24)","decl":{"start":{"line":246,"column":27},"end":{"line":246,"column":28}},"loc":{"start":{"line":246,"column":34},"end":{"line":249,"column":19}},"line":246},"25":{"name":"(anonymous_25)","decl":{"start":{"line":248,"column":40},"end":{"line":248,"column":41}},"loc":{"start":{"line":248,"column":46},"end":{"line":248,"column":65}},"line":248}},"branchMap":{"0":{"loc":{"start":{"line":30,"column":12},"end":{"line":30,"column":46}},"type":"cond-expr","locations":[{"start":{"line":30,"column":27},"end":{"line":30,"column":41}},{"start":{"line":30,"column":44},"end":{"line":30,"column":46}}],"line":30},"1":{"loc":{"start":{"line":35,"column":6},"end":{"line":35,"column":37}},"type":"if","locations":[{"start":{"line":35,"column":6},"end":{"line":35,"column":37}},{"start":{},"end":{}}],"line":35},"2":{"loc":{"start":{"line":49,"column":9},"end":{"line":49,"column":46}},"type":"cond-expr","locations":[{"start":{"line":49,"column":25},"end":{"line":49,"column":33}},{"start":{"line":49,"column":36},"end":{"line":49,"column":46}}],"line":49},"3":{"loc":{"start":{"line":51,"column":7},"end":{"line":80,"column":7}},"type":"binary-expr","locations":[{"start":{"line":51,"column":7},"end":{"line":51,"column":20}},{"start":{"line":52,"column":8},"end":{"line":79,"column":15}}],"line":51},"4":{"loc":{"start":{"line":115,"column":4},"end":{"line":122,"column":5}},"type":"if","locations":[{"start":{"line":115,"column":4},"end":{"line":122,"column":5}},{"start":{},"end":{}}],"line":115},"5":{"loc":{"start":{"line":120,"column":14},"end":{"line":120,"column":34}},"type":"binary-expr","locations":[{"start":{"line":120,"column":14},"end":{"line":120,"column":28}},{"start":{"line":120,"column":32},"end":{"line":120,"column":34}}],"line":120},"6":{"loc":{"start":{"line":157,"column":12},"end":{"line":157,"column":40}},"type":"cond-expr","locations":[{"start":{"line":157,"column":24},"end":{"line":157,"column":35}},{"start":{"line":157,"column":38},"end":{"line":157,"column":40}}],"line":157},"7":{"loc":{"start":{"line":168,"column":4},"end":{"line":168,"column":39}},"type":"if","locations":[{"start":{"line":168,"column":4},"end":{"line":168,"column":39}},{"start":{},"end":{}}],"line":168},"8":{"loc":{"start":{"line":189,"column":4},"end":{"line":189,"column":46}},"type":"if","locations":[{"start":{"line":189,"column":4},"end":{"line":189,"column":46}},{"start":{},"end":{}}],"line":189},"9":{"loc":{"start":{"line":197,"column":6},"end":{"line":202,"column":7}},"type":"if","locations":[{"start":{"line":197,"column":6},"end":{"line":202,"column":7}},{"start":{},"end":{}}],"line":197},"10":{"loc":{"start":{"line":203,"column":6},"end":{"line":208,"column":7}},"type":"if","locations":[{"start":{"line":203,"column":6},"end":{"line":208,"column":7}},{"start":{},"end":{}}],"line":203}},"s":{"0":0,"1":0,"2":0,"3":0,"4":0,"5":0,"6":0,"7":0,"8":0,"9":0,"10":0,"11":0,"12":0,"13":0,"14":0,"15":0,"16":0,"17":0,"18":1,"19":1,"20":3,"21":9,"22":3,"23":5,"24":8,"25":5,"26":5,"27":3,"28":1,"29":2,"30":2,"31":1,"32":1,"33":1,"34":1,"35":2,"36":2,"37":1,"38":1,"39":2,"40":2,"41":1,"42":1,"43":1,"44":0,"45":0,"46":0,"47":0,"48":0,"49":0,"50":0,"51":0,"52":0,"53":0,"54":0,"55":0,"56":0,"57":0,"58":0,"59":0,"60":0,"61":0,"62":0,"63":0,"64":0,"65":0,"66":0,"67":0,"68":0,"69":0,"70":0,"71":0,"72":0,"73":0,"74":0,"75":0,"76":0,"77":0},"f":{"0":0,"1":0,"2":0,"3":0,"4":3,"5":9,"6":5,"7":8,"8":2,"9":2,"10":2,"11":0,"12":0,"13":0,"14":0,"15":0,"16":0,"17":0,"18":0,"19":0,"20":0,"21":0,"22":0,"23":0,"24":0,"25":0},"b":{"0":[0,0],"1":[0,0],"2":[0,0],"3":[0,0],"4":[5,0],"5":[5,1],"6":[2,0],"7":[1,0],"8":[0,0],"9":[0,0],"10":[0,0]},"_coverageSchema":"1a1c01bbd47fc00a2c39e90264f33305004495a9","hash":"04bde2c6641b896f56a2800b5e5f2743b03a5aaa"}
,"F:\\Computer_programming\\BCIT\\project_term\\ACIT-2911-Project-Term-Application\\frontend\\src\\components\\timeLine\\timeLine.jsx": {"path":"F:\\Computer_programming\\BCIT\\project_term\\ACIT-2911-Project-Term-Application\\frontend\\src\\components\\timeLine\\timeLine.jsx","statementMap":{"0":{"start":{"line":14,"column":21},"end":{"line":33,"column":1}},"1":{"start":{"line":15,"column":24},"end":{"line":29,"column":7}},"2":{"start":{"line":17,"column":17},"end":{"line":17,"column":76}},"3":{"start":{"line":19,"column":21},"end":{"line":29,"column":5}},"4":{"start":{"line":31,"column":2},"end":{"line":31,"column":54}},"5":{"start":{"line":32,"column":2},"end":{"line":32,"column":23}},"6":{"start":{"line":35,"column":20},"end":{"line":45,"column":1}},"7":{"start":{"line":36,"column":2},"end":{"line":44,"column":3}},"8":{"start":{"line":38,"column":16},"end":{"line":38,"column":63}},"9":{"start":{"line":39,"column":29},"end":{"line":39,"column":51}},"10":{"start":{"line":40,"column":4},"end":{"line":40,"column":26}},"11":{"start":{"line":41,"column":4},"end":{"line":41,"column":39}},"12":{"start":{"line":43,"column":4},"end":{"line":43,"column":51}},"13":{"start":{"line":47,"column":20},"end":{"line":54,"column":1}},"14":{"start":{"line":48,"column":2},"end":{"line":53,"column":3}},"15":{"start":{"line":49,"column":4},"end":{"line":49,"column":66}},"16":{"start":{"line":50,"column":4},"end":{"line":50,"column":21}},"17":{"start":{"line":52,"column":4},"end":{"line":52,"column":50}},"18":{"start":{"line":57,"column":44},"end":{"line":57,"column":59}},"19":{"start":{"line":58,"column":45},"end":{"line":58,"column":57}},"20":{"start":{"line":59,"column":34},"end":{"line":63,"column":4}},"21":{"start":{"line":65,"column":2},"end":{"line":67,"column":9}},"22":{"start":{"line":66,"column":4},"end":{"line":66,"column":34}},"23":{"start":{"line":69,"column":28},"end":{"line":76,"column":3}},"24":{"start":{"line":70,"column":22},"end":{"line":70,"column":39}},"25":{"start":{"line":71,"column":23},"end":{"line":71,"column":41}},"26":{"start":{"line":72,"column":4},"end":{"line":75,"column":7}},"27":{"start":{"line":78,"column":22},"end":{"line":105,"column":3}},"28":{"start":{"line":79,"column":4},"end":{"line":79,"column":27}},"29":{"start":{"line":81,"column":29},"end":{"line":85,"column":5}},"30":{"start":{"line":88,"column":4},"end":{"line":96,"column":5}},"31":{"start":{"line":89,"column":6},"end":{"line":92,"column":8}},"32":{"start":{"line":93,"column":6},"end":{"line":93,"column":42}},"33":{"start":{"line":95,"column":6},"end":{"line":95,"column":50}},"34":{"start":{"line":98,"column":4},"end":{"line":102,"column":7}},"35":{"start":{"line":104,"column":4},"end":{"line":104,"column":28}},"36":{"start":{"line":107,"column":2},"end":{"line":170,"column":4}},"37":{"start":{"line":110,"column":23},"end":{"line":110,"column":55}},"38":{"start":{"line":147,"column":10},"end":{"line":166,"column":36}},"39":{"start":{"line":160,"column":16},"end":{"line":160,"column":71}},"40":{"start":{"line":160,"column":40},"end":{"line":160,"column":69}}},"fnMap":{"0":{"name":"(anonymous_0)","decl":{"start":{"line":14,"column":21},"end":{"line":14,"column":22}},"loc":{"start":{"line":14,"column":42},"end":{"line":33,"column":1}},"line":14},"1":{"name":"(anonymous_1)","decl":{"start":{"line":17,"column":6},"end":{"line":17,"column":7}},"loc":{"start":{"line":17,"column":17},"end":{"line":17,"column":76}},"line":17},"2":{"name":"(anonymous_2)","decl":{"start":{"line":19,"column":9},"end":{"line":19,"column":10}},"loc":{"start":{"line":19,"column":21},"end":{"line":29,"column":5}},"line":19},"3":{"name":"(anonymous_3)","decl":{"start":{"line":35,"column":20},"end":{"line":35,"column":21}},"loc":{"start":{"line":35,"column":48},"end":{"line":45,"column":1}},"line":35},"4":{"name":"(anonymous_4)","decl":{"start":{"line":47,"column":20},"end":{"line":47,"column":21}},"loc":{"start":{"line":47,"column":55},"end":{"line":54,"column":1}},"line":47},"5":{"name":"TimeLine","decl":{"start":{"line":56,"column":9},"end":{"line":56,"column":17}},"loc":{"start":{"line":56,"column":20},"end":{"line":171,"column":1}},"line":56},"6":{"name":"(anonymous_6)","decl":{"start":{"line":65,"column":12},"end":{"line":65,"column":13}},"loc":{"start":{"line":65,"column":18},"end":{"line":67,"column":3}},"line":65},"7":{"name":"(anonymous_7)","decl":{"start":{"line":69,"column":28},"end":{"line":69,"column":29}},"loc":{"start":{"line":69,"column":39},"end":{"line":76,"column":3}},"line":69},"8":{"name":"(anonymous_8)","decl":{"start":{"line":78,"column":22},"end":{"line":78,"column":23}},"loc":{"start":{"line":78,"column":39},"end":{"line":105,"column":3}},"line":78},"9":{"name":"(anonymous_9)","decl":{"start":{"line":110,"column":17},"end":{"line":110,"column":18}},"loc":{"start":{"line":110,"column":23},"end":{"line":110,"column":55}},"line":110},"10":{"name":"(anonymous_10)","decl":{"start":{"line":146,"column":28},"end":{"line":146,"column":29}},"loc":{"start":{"line":147,"column":10},"end":{"line":166,"column":36}},"line":147},"11":{"name":"(anonymous_11)","decl":{"start":{"line":159,"column":23},"end":{"line":159,"column":24}},"loc":{"start":{"line":159,"column":29},"end":{"line":161,"column":15}},"line":159},"12":{"name":"(anonymous_12)","decl":{"start":{"line":160,"column":34},"end":{"line":160,"column":35}},"loc":{"start":{"line":160,"column":40},"end":{"line":160,"column":69}},"line":160}},"branchMap":{"0":{"loc":{"start":{"line":17,"column":17},"end":{"line":17,"column":76}},"type":"binary-expr","locations":[{"start":{"line":17,"column":17},"end":{"line":17,"column":26}},{"start":{"line":17,"column":30},"end":{"line":17,"column":41}},{"start":{"line":17,"column":45},"end":{"line":17,"column":62}},{"start":{"line":17,"column":66},"end":{"line":17,"column":76}}],"line":17},"1":{"loc":{"start":{"line":24,"column":8},"end":{"line":28,"column":14}},"type":"cond-expr","locations":[{"start":{"line":25,"column":12},"end":{"line":25,"column":26}},{"start":{"line":26,"column":12},"end":{"line":28,"column":14}}],"line":24},"2":{"loc":{"start":{"line":113,"column":9},"end":{"line":113,"column":56}},"type":"cond-expr","locations":[{"start":{"line":113,"column":25},"end":{"line":113,"column":33}},{"start":{"line":113,"column":36},"end":{"line":113,"column":56}}],"line":113},"3":{"loc":{"start":{"line":116,"column":7},"end":{"line":144,"column":7}},"type":"binary-expr","locations":[{"start":{"line":116,"column":7},"end":{"line":116,"column":20}},{"start":{"line":117,"column":8},"end":{"line":143,"column":15}}],"line":116}},"s":{"0":1,"1":3,"2":3,"3":2,"4":3,"5":3,"6":1,"7":4,"8":4,"9":3,"10":3,"11":3,"12":1,"13":1,"14":3,"15":3,"16":1,"17":2,"18":0,"19":0,"20":0,"21":0,"22":0,"23":0,"24":0,"25":0,"26":0,"27":0,"28":0,"29":0,"30":0,"31":0,"32":0,"33":0,"34":0,"35":0,"36":0,"37":0,"38":0,"39":0,"40":0},"f":{"0":3,"1":3,"2":2,"3":4,"4":3,"5":0,"6":0,"7":0,"8":0,"9":0,"10":0,"11":0,"12":0},"b":{"0":[3,2,2,2],"1":[0,2],"2":[0,0],"3":[0,0]},"_coverageSchema":"1a1c01bbd47fc00a2c39e90264f33305004495a9","hash":"22a529971f6c996e765e71ff36199ed39c0e9d9b"}
,"F:\\Computer_programming\\BCIT\\project_term\\ACIT-2911-Project-Term-Application\\frontend\\src\\helpers\\fetchData.js": {"path":"F:\\Computer_programming\\BCIT\\project_term\\ACIT-2911-Project-Term-Application\\frontend\\src\\helpers\\fetchData.js","statementMap":{"0":{"start":{"line":1,"column":16},"end":{"line":1,"column":39}},"1":{"start":{"line":3,"column":36},"end":{"line":3,"column":76}},"2":{"start":{"line":3,"column":51},"end":{"line":3,"column":75}}},"fnMap":{"0":{"name":"(anonymous_0)","decl":{"start":{"line":3,"column":36},"end":{"line":3,"column":37}},"loc":{"start":{"line":3,"column":51},"end":{"line":3,"column":75}},"line":3}},"branchMap":{},"s":{"0":2,"1":2,"2":7},"f":{"0":7},"b":{},"_coverageSchema":"1a1c01bbd47fc00a2c39e90264f33305004495a9","hash":"e9c8415fce8d3099fa7d452a24bd38e1f2e39e41"}
}
