TN:
SF:src\components\header\header.jsx
FN:7,Header
FN:9,(anonymous_1)
FN:12,(anonymous_2)
FN:15,(anonymous_3)
FNF:4
FNH:4
FNDA:1,Header
FNDA:1,(anonymous_1)
FNDA:1,(anonymous_2)
FNDA:1,(anonymous_3)
DA:8,1
DA:9,1
DA:10,1
DA:12,1
DA:13,1
DA:15,1
DA:16,1
DA:18,1
LF:8
LH:8
BRF:0
BRH:0
end_of_record
TN:
SF:src\components\kanban\kanban.jsx
FN:8,AddTaskCard
FN:16,(anonymous_1)
FN:25,(anonymous_2)
FN:46,(anonymous_3)
FN:105,(anonymous_4)
FN:107,(anonymous_5)
FN:110,(anonymous_6)
FN:112,(anonymous_7)
FN:128,(anonymous_8)
FN:140,(anonymous_9)
FN:164,(anonymous_10)
FN:174,Kanban
FN:177,(anonymous_12)
FN:181,(anonymous_13)
FN:185,(anonymous_14)
FN:191,(anonymous_15)
FN:196,(anonymous_16)
FN:200,(anonymous_17)
FN:218,(anonymous_18)
FN:224,(anonymous_19)
FN:225,(anonymous_20)
FN:230,(anonymous_21)
FN:234,(anonymous_22)
FN:239,(anonymous_23)
FN:246,(anonymous_24)
FN:248,(anonymous_25)
FNF:26
FNH:7
FNDA:0,AddTaskCard
FNDA:0,(anonymous_1)
FNDA:0,(anonymous_2)
FNDA:0,(anonymous_3)
FNDA:3,(anonymous_4)
FNDA:9,(anonymous_5)
FNDA:5,(anonymous_6)
FNDA:8,(anonymous_7)
FNDA:2,(anonymous_8)
FNDA:2,(anonymous_9)
FNDA:2,(anonymous_10)
FNDA:0,Kanban
FNDA:0,(anonymous_12)
FNDA:0,(anonymous_13)
FNDA:0,(anonymous_14)
FNDA:0,(anonymous_15)
FNDA:0,(anonymous_16)
FNDA:0,(anonymous_17)
FNDA:0,(anonymous_18)
FNDA:0,(anonymous_19)
FNDA:0,(anonymous_20)
FNDA:0,(anonymous_21)
FNDA:0,(anonymous_22)
FNDA:0,(anonymous_23)
FNDA:0,(anonymous_24)
FNDA:0,(anonymous_25)
DA:9,0
DA:10,0
DA:16,0
DA:17,0
DA:18,0
DA:19,0
DA:25,0
DA:26,0
DA:27,0
DA:33,0
DA:34,0
DA:35,0
DA:37,0
DA:39,0
DA:40,0
DA:43,0
DA:46,0
DA:85,1
DA:105,1
DA:106,3
DA:107,9
DA:110,3
DA:111,5
DA:112,8
DA:115,5
DA:116,5
DA:125,3
DA:128,1
DA:129,2
DA:131,2
DA:132,1
DA:134,1
DA:136,1
DA:140,1
DA:143,2
DA:153,2
DA:160,1
DA:164,1
DA:165,2
DA:167,2
DA:168,1
DA:170,1
DA:175,0
DA:177,0
DA:178,0
DA:181,0
DA:182,0
DA:185,0
DA:186,0
DA:187,0
DA:189,0
DA:191,0
DA:192,0
DA:194,0
DA:196,0
DA:197,0
DA:198,0
DA:200,0
DA:203,0
DA:204,0
DA:210,0
DA:213,0
DA:214,0
DA:218,0
DA:219,0
DA:222,0
DA:224,0
DA:226,0
DA:230,0
DA:235,0
DA:239,0
DA:247,0
DA:248,0
LF:73
LH:25
BRDA:30,0,0,0
BRDA:30,0,1,0
BRDA:35,1,0,0
BRDA:35,1,1,0
BRDA:49,2,0,0
BRDA:49,2,1,0
BRDA:51,3,0,0
BRDA:51,3,1,0
BRDA:115,4,0,5
BRDA:115,4,1,0
BRDA:120,5,0,5
BRDA:120,5,1,1
BRDA:157,6,0,2
BRDA:157,6,1,0
BRDA:168,7,0,1
BRDA:168,7,1,0
BRDA:189,8,0,0
BRDA:189,8,1,0
BRDA:197,9,0,0
BRDA:197,9,1,0
BRDA:203,10,0,0
BRDA:203,10,1,0
BRF:22
BRH:5
end_of_record
TN:
SF:src\components\timeLine\timeLine.jsx
FN:14,(anonymous_0)
FN:17,(anonymous_1)
FN:19,(anonymous_2)
FN:35,(anonymous_3)
FN:47,(anonymous_4)
FN:56,TimeLine
FN:65,(anonymous_6)
FN:69,(anonymous_7)
FN:78,(anonymous_8)
FN:110,(anonymous_9)
FN:146,(anonymous_10)
FN:159,(anonymous_11)
FN:160,(anonymous_12)
FNF:13
FNH:5
FNDA:3,(anonymous_0)
FNDA:3,(anonymous_1)
FNDA:2,(anonymous_2)
FNDA:4,(anonymous_3)
FNDA:3,(anonymous_4)
FNDA:0,TimeLine
FNDA:0,(anonymous_6)
FNDA:0,(anonymous_7)
FNDA:0,(anonymous_8)
FNDA:0,(anonymous_9)
FNDA:0,(anonymous_10)
FNDA:0,(anonymous_11)
FNDA:0,(anonymous_12)
DA:14,1
DA:15,3
DA:17,3
DA:19,2
DA:31,3
DA:32,3
DA:35,1
DA:36,4
DA:38,4
DA:39,3
DA:40,3
DA:41,3
DA:43,1
DA:47,1
DA:48,3
DA:49,3
DA:50,1
DA:52,2
DA:57,0
DA:58,0
DA:59,0
DA:65,0
DA:66,0
DA:69,0
DA:70,0
DA:71,0
DA:72,0
DA:78,0
DA:79,0
DA:81,0
DA:88,0
DA:89,0
DA:93,0
DA:95,0
DA:98,0
DA:104,0
DA:107,0
DA:110,0
DA:147,0
DA:160,0
LF:40
LH:18
BRDA:17,0,0,3
BRDA:17,0,1,2
BRDA:17,0,2,2
BRDA:17,0,3,2
BRDA:24,1,0,0
BRDA:24,1,1,2
BRDA:113,2,0,0
BRDA:113,2,1,0
BRDA:116,3,0,0
BRDA:116,3,1,0
BRF:10
BRH:5
end_of_record
TN:
SF:src\helpers\fetchData.js
FN:3,(anonymous_0)
FNF:1
FNH:1
FNDA:7,(anonymous_0)
DA:1,2
DA:3,7
LF:2
LH:2
BRF:0
BRH:0
end_of_record
