{"F:\\Computer_programming\\BCIT\\project_term\\ACIT-2911-Project-Term-Application\\backend\\app.js": {"path":"F:\\Computer_programming\\BCIT\\project_term\\ACIT-2911-Project-Term-Application\\backend\\app.js","statementMap":{"0":{"start":{"line":1,"column":16},"end":{"line":1,"column":34}},"1":{"start":{"line":2,"column":13},"end":{"line":2,"column":28}},"2":{"start":{"line":4,"column":12},"end":{"line":4,"column":21}},"3":{"start":{"line":5,"column":0},"end":{"line":5,"column":16}},"4":{"start":{"line":7,"column":0},"end":{"line":7,"column":24}},"5":{"start":{"line":8,"column":0},"end":{"line":8,"column":48}},"6":{"start":{"line":10,"column":19},"end":{"line":10,"column":51}},"7":{"start":{"line":11,"column":18},"end":{"line":11,"column":49}},"8":{"start":{"line":14,"column":0},"end":{"line":14,"column":30}},"9":{"start":{"line":15,"column":0},"end":{"line":15,"column":28}},"10":{"start":{"line":18,"column":0},"end":{"line":18,"column":20}}},"fnMap":{},"branchMap":{},"s":{"0":1,"1":1,"2":1,"3":1,"4":1,"5":1,"6":1,"7":1,"8":1,"9":1,"10":1},"f":{},"b":{},"_coverageSchema":"1a1c01bbd47fc00a2c39e90264f33305004495a9","hash":"6cf1756eadefde0d18dcdd135d7b52c0683ab2d7"}
,"F:\\Computer_programming\\BCIT\\project_term\\ACIT-2911-Project-Term-Application\\backend\\controllers\\eventController.js": {"path":"F:\\Computer_programming\\BCIT\\project_term\\ACIT-2911-Project-Term-Application\\backend\\controllers\\eventController.js","statementMap":{"0":{"start":{"line":1,"column":18},"end":{"line":1,"column":49}},"1":{"start":{"line":3,"column":21},"end":{"line":12,"column":1}},"2":{"start":{"line":5,"column":4},"end":{"line":11,"column":5}},"3":{"start":{"line":6,"column":23},"end":{"line":6,"column":41}},"4":{"start":{"line":7,"column":8},"end":{"line":7,"column":45}},"5":{"start":{"line":9,"column":8},"end":{"line":9,"column":36}},"6":{"start":{"line":10,"column":8},"end":{"line":10,"column":63}},"7":{"start":{"line":14,"column":21},"end":{"line":23,"column":1}},"8":{"start":{"line":15,"column":4},"end":{"line":22,"column":5}},"9":{"start":{"line":16,"column":21},"end":{"line":16,"column":31}},"10":{"start":{"line":17,"column":22},"end":{"line":17,"column":46}},"11":{"start":{"line":18,"column":8},"end":{"line":18,"column":42}},"12":{"start":{"line":20,"column":8},"end":{"line":20,"column":36}},"13":{"start":{"line":21,"column":8},"end":{"line":21,"column":63}},"14":{"start":{"line":25,"column":21},"end":{"line":34,"column":1}},"15":{"start":{"line":26,"column":4},"end":{"line":33,"column":5}},"16":{"start":{"line":27,"column":25},"end":{"line":27,"column":44}},"17":{"start":{"line":28,"column":22},"end":{"line":28,"column":43}},"18":{"start":{"line":29,"column":8},"end":{"line":29,"column":42}},"19":{"start":{"line":31,"column":8},"end":{"line":31,"column":36}},"20":{"start":{"line":32,"column":8},"end":{"line":32,"column":51}},"21":{"start":{"line":36,"column":23},"end":{"line":44,"column":1}},"22":{"start":{"line":37,"column":4},"end":{"line":43,"column":5}},"23":{"start":{"line":38,"column":29},"end":{"line":38,"column":83}},"24":{"start":{"line":39,"column":8},"end":{"line":39,"column":67}},"25":{"start":{"line":41,"column":8},"end":{"line":41,"column":36}},"26":{"start":{"line":42,"column":8},"end":{"line":42,"column":51}},"27":{"start":{"line":46,"column":23},"end":{"line":54,"column":1}},"28":{"start":{"line":47,"column":4},"end":{"line":53,"column":5}},"29":{"start":{"line":48,"column":8},"end":{"line":48,"column":53}},"30":{"start":{"line":49,"column":8},"end":{"line":49,"column":66}},"31":{"start":{"line":51,"column":8},"end":{"line":51,"column":36}},"32":{"start":{"line":52,"column":8},"end":{"line":52,"column":51}},"33":{"start":{"line":56,"column":0},"end":{"line":56,"column":91}}},"fnMap":{"0":{"name":"(anonymous_0)","decl":{"start":{"line":3,"column":21},"end":{"line":3,"column":22}},"loc":{"start":{"line":3,"column":41},"end":{"line":12,"column":1}},"line":3},"1":{"name":"(anonymous_1)","decl":{"start":{"line":14,"column":21},"end":{"line":14,"column":22}},"loc":{"start":{"line":14,"column":41},"end":{"line":23,"column":1}},"line":14},"2":{"name":"(anonymous_2)","decl":{"start":{"line":25,"column":21},"end":{"line":25,"column":22}},"loc":{"start":{"line":25,"column":41},"end":{"line":34,"column":1}},"line":25},"3":{"name":"(anonymous_3)","decl":{"start":{"line":36,"column":23},"end":{"line":36,"column":24}},"loc":{"start":{"line":36,"column":43},"end":{"line":44,"column":1}},"line":36},"4":{"name":"(anonymous_4)","decl":{"start":{"line":46,"column":23},"end":{"line":46,"column":24}},"loc":{"start":{"line":46,"column":43},"end":{"line":54,"column":1}},"line":46}},"branchMap":{},"s":{"0":1,"1":1,"2":1,"3":1,"4":1,"5":0,"6":0,"7":1,"8":1,"9":1,"10":1,"11":1,"12":0,"13":0,"14":1,"15":4,"16":4,"17":4,"18":4,"19":0,"20":0,"21":1,"22":1,"23":1,"24":1,"25":0,"26":0,"27":1,"28":1,"29":1,"30":1,"31":0,"32":0,"33":1},"f":{"0":1,"1":1,"2":4,"3":1,"4":1},"b":{},"_coverageSchema":"1a1c01bbd47fc00a2c39e90264f33305004495a9","hash":"40b578f8afcff0158a521f1a9e97cf9362ac6457"}
,"F:\\Computer_programming\\BCIT\\project_term\\ACIT-2911-Project-Term-Application\\backend\\controllers\\taskController.js": {"path":"F:\\Computer_programming\\BCIT\\project_term\\ACIT-2911-Project-Term-Application\\backend\\controllers\\taskController.js","statementMap":{"0":{"start":{"line":1,"column":17},"end":{"line":1,"column":47}},"1":{"start":{"line":3,"column":20},"end":{"line":11,"column":1}},"2":{"start":{"line":4,"column":4},"end":{"line":10,"column":5}},"3":{"start":{"line":5,"column":22},"end":{"line":5,"column":39}},"4":{"start":{"line":6,"column":8},"end":{"line":6,"column":30}},"5":{"start":{"line":8,"column":8},"end":{"line":8,"column":36}},"6":{"start":{"line":9,"column":8},"end":{"line":9,"column":71}},"7":{"start":{"line":13,"column":20},"end":{"line":22,"column":1}},"8":{"start":{"line":14,"column":4},"end":{"line":21,"column":5}},"9":{"start":{"line":15,"column":23},"end":{"line":15,"column":33}},"10":{"start":{"line":16,"column":21},"end":{"line":16,"column":44}},"11":{"start":{"line":17,"column":8},"end":{"line":17,"column":29}},"12":{"start":{"line":19,"column":8},"end":{"line":19,"column":36}},"13":{"start":{"line":20,"column":8},"end":{"line":20,"column":51}},"14":{"start":{"line":24,"column":20},"end":{"line":33,"column":1}},"15":{"start":{"line":25,"column":4},"end":{"line":32,"column":5}},"16":{"start":{"line":26,"column":24},"end":{"line":26,"column":42}},"17":{"start":{"line":27,"column":26},"end":{"line":27,"column":46}},"18":{"start":{"line":28,"column":8},"end":{"line":28,"column":46}},"19":{"start":{"line":30,"column":8},"end":{"line":30,"column":36}},"20":{"start":{"line":31,"column":8},"end":{"line":31,"column":63}},"21":{"start":{"line":35,"column":22},"end":{"line":43,"column":1}},"22":{"start":{"line":36,"column":4},"end":{"line":42,"column":5}},"23":{"start":{"line":37,"column":28},"end":{"line":37,"column":81}},"24":{"start":{"line":38,"column":8},"end":{"line":38,"column":77}},"25":{"start":{"line":40,"column":8},"end":{"line":40,"column":36}},"26":{"start":{"line":41,"column":8},"end":{"line":41,"column":63}},"27":{"start":{"line":45,"column":22},"end":{"line":54,"column":1}},"28":{"start":{"line":46,"column":4},"end":{"line":53,"column":5}},"29":{"start":{"line":47,"column":23},"end":{"line":47,"column":33}},"30":{"start":{"line":48,"column":8},"end":{"line":48,"column":41}},"31":{"start":{"line":49,"column":8},"end":{"line":49,"column":66}},"32":{"start":{"line":51,"column":8},"end":{"line":51,"column":36}},"33":{"start":{"line":52,"column":8},"end":{"line":52,"column":51}},"34":{"start":{"line":56,"column":0},"end":{"line":56,"column":88}}},"fnMap":{"0":{"name":"(anonymous_0)","decl":{"start":{"line":3,"column":20},"end":{"line":3,"column":21}},"loc":{"start":{"line":3,"column":40},"end":{"line":11,"column":1}},"line":3},"1":{"name":"(anonymous_1)","decl":{"start":{"line":13,"column":20},"end":{"line":13,"column":21}},"loc":{"start":{"line":13,"column":40},"end":{"line":22,"column":1}},"line":13},"2":{"name":"(anonymous_2)","decl":{"start":{"line":24,"column":20},"end":{"line":24,"column":21}},"loc":{"start":{"line":24,"column":40},"end":{"line":33,"column":1}},"line":24},"3":{"name":"(anonymous_3)","decl":{"start":{"line":35,"column":22},"end":{"line":35,"column":23}},"loc":{"start":{"line":35,"column":42},"end":{"line":43,"column":1}},"line":35},"4":{"name":"(anonymous_4)","decl":{"start":{"line":45,"column":22},"end":{"line":45,"column":23}},"loc":{"start":{"line":45,"column":42},"end":{"line":54,"column":1}},"line":45}},"branchMap":{},"s":{"0":1,"1":1,"2":1,"3":1,"4":1,"5":0,"6":0,"7":1,"8":1,"9":1,"10":1,"11":1,"12":0,"13":0,"14":1,"15":4,"16":4,"17":4,"18":4,"19":0,"20":0,"21":1,"22":1,"23":1,"24":1,"25":0,"26":0,"27":1,"28":1,"29":1,"30":1,"31":1,"32":0,"33":0,"34":1},"f":{"0":1,"1":1,"2":4,"3":1,"4":1},"b":{},"_coverageSchema":"1a1c01bbd47fc00a2c39e90264f33305004495a9","hash":"9a88c456fd8d044b6b39839492cf078871d287de"}
,"F:\\Computer_programming\\BCIT\\project_term\\ACIT-2911-Project-Term-Application\\backend\\models\\eventModel.js": {"path":"F:\\Computer_programming\\BCIT\\project_term\\ACIT-2911-Project-Term-Application\\backend\\models\\eventModel.js","statementMap":{"0":{"start":{"line":1,"column":17},"end":{"line":1,"column":36}},"1":{"start":{"line":4,"column":20},"end":{"line":17,"column":2}},"2":{"start":{"line":19,"column":14},"end":{"line":19,"column":50}},"3":{"start":{"line":21,"column":0},"end":{"line":21,"column":26}}},"fnMap":{},"branchMap":{},"s":{"0":1,"1":1,"2":1,"3":1},"f":{},"b":{},"_coverageSchema":"1a1c01bbd47fc00a2c39e90264f33305004495a9","hash":"bbc668de8086d620c38e78117f1821218e4248a4"}
,"F:\\Computer_programming\\BCIT\\project_term\\ACIT-2911-Project-Term-Application\\backend\\models\\taskModel.js": {"path":"F:\\Computer_programming\\BCIT\\project_term\\ACIT-2911-Project-Term-Application\\backend\\models\\taskModel.js","statementMap":{"0":{"start":{"line":1,"column":20},"end":{"line":1,"column":38}},"1":{"start":{"line":2,"column":17},"end":{"line":2,"column":36}},"2":{"start":{"line":4,"column":19},"end":{"line":19,"column":2}},"3":{"start":{"line":21,"column":13},"end":{"line":21,"column":47}},"4":{"start":{"line":23,"column":0},"end":{"line":23,"column":25}}},"fnMap":{},"branchMap":{},"s":{"0":1,"1":1,"2":1,"3":1,"4":1},"f":{},"b":{},"_coverageSchema":"1a1c01bbd47fc00a2c39e90264f33305004495a9","hash":"194ded81eb3e0e0b52362f238b19adee4f96b085"}
,"F:\\Computer_programming\\BCIT\\project_term\\ACIT-2911-Project-Term-Application\\backend\\models\\userModel.js": {"path":"F:\\Computer_programming\\BCIT\\project_term\\ACIT-2911-Project-Term-Application\\backend\\models\\userModel.js","statementMap":{"0":{"start":{"line":1,"column":17},"end":{"line":1,"column":36}},"1":{"start":{"line":3,"column":19},"end":{"line":16,"column":2}},"2":{"start":{"line":18,"column":13},"end":{"line":18,"column":47}},"3":{"start":{"line":20,"column":0},"end":{"line":20,"column":25}}},"fnMap":{},"branchMap":{},"s":{"0":0,"1":0,"2":0,"3":0},"f":{},"b":{}}
,"F:\\Computer_programming\\BCIT\\project_term\\ACIT-2911-Project-Term-Application\\backend\\routers\\eventRoutes.js": {"path":"F:\\Computer_programming\\BCIT\\project_term\\ACIT-2911-Project-Term-Application\\backend\\routers\\eventRoutes.js","statementMap":{"0":{"start":{"line":1,"column":16},"end":{"line":1,"column":34}},"1":{"start":{"line":2,"column":15},"end":{"line":2,"column":31}},"2":{"start":{"line":3,"column":85},"end":{"line":3,"column":126}},"3":{"start":{"line":6,"column":0},"end":{"line":6,"column":29}},"4":{"start":{"line":9,"column":0},"end":{"line":9,"column":32}},"5":{"start":{"line":12,"column":0},"end":{"line":12,"column":42}},"6":{"start":{"line":15,"column":0},"end":{"line":15,"column":34}},"7":{"start":{"line":18,"column":0},"end":{"line":18,"column":37}},"8":{"start":{"line":20,"column":0},"end":{"line":20,"column":23}}},"fnMap":{},"branchMap":{},"s":{"0":1,"1":1,"2":1,"3":1,"4":1,"5":1,"6":1,"7":1,"8":1},"f":{},"b":{},"_coverageSchema":"1a1c01bbd47fc00a2c39e90264f33305004495a9","hash":"73886f807d93eb731973a027bc78a835e182a5e9"}
,"F:\\Computer_programming\\BCIT\\project_term\\ACIT-2911-Project-Term-Application\\backend\\routers\\taskRoutes.js": {"path":"F:\\Computer_programming\\BCIT\\project_term\\ACIT-2911-Project-Term-Application\\backend\\routers\\taskRoutes.js","statementMap":{"0":{"start":{"line":1,"column":16},"end":{"line":1,"column":34}},"1":{"start":{"line":2,"column":79},"end":{"line":2,"column":119}},"2":{"start":{"line":3,"column":15},"end":{"line":3,"column":31}},"3":{"start":{"line":6,"column":0},"end":{"line":6,"column":28}},"4":{"start":{"line":9,"column":0},"end":{"line":9,"column":31}},"5":{"start":{"line":12,"column":0},"end":{"line":12,"column":40}},"6":{"start":{"line":15,"column":0},"end":{"line":15,"column":33}},"7":{"start":{"line":18,"column":0},"end":{"line":18,"column":36}},"8":{"start":{"line":20,"column":0},"end":{"line":20,"column":23}}},"fnMap":{},"branchMap":{},"s":{"0":1,"1":1,"2":1,"3":1,"4":1,"5":1,"6":1,"7":1,"8":1},"f":{},"b":{},"_coverageSchema":"1a1c01bbd47fc00a2c39e90264f33305004495a9","hash":"9697a60c66968fde67464b0f20201064cd304faf"}
}
