{"C:\\Users\\jerry\\Documents\\CIT\\BCIT-ACIT-2911-Agile Development\\GroupProject\\group6\\ACIT-2911-Project-Term-Application\\projectTracker\\backend\\app.js": {"path":"C:\\Users\\jerry\\Documents\\CIT\\BCIT-ACIT-2911-Agile Development\\GroupProject\\group6\\ACIT-2911-Project-Term-Application\\projectTracker\\backend\\app.js","statementMap":{"0":{"start":{"line":1,"column":16},"end":{"line":1,"column":34}},"1":{"start":{"line":2,"column":13},"end":{"line":2,"column":28}},"2":{"start":{"line":4,"column":12},"end":{"line":4,"column":21}},"3":{"start":{"line":6,"column":19},"end":{"line":10,"column":1}},"4":{"start":{"line":11,"column":0},"end":{"line":11,"column":27}},"5":{"start":{"line":14,"column":0},"end":{"line":14,"column":24}},"6":{"start":{"line":15,"column":0},"end":{"line":15,"column":48}},"7":{"start":{"line":18,"column":19},"end":{"line":18,"column":51}},"8":{"start":{"line":19,"column":18},"end":{"line":19,"column":49}},"9":{"start":{"line":22,"column":0},"end":{"line":22,"column":30}},"10":{"start":{"line":23,"column":0},"end":{"line":23,"column":28}},"11":{"start":{"line":26,"column":0},"end":{"line":26,"column":20}}},"fnMap":{},"branchMap":{},"s":{"0":1,"1":1,"2":1,"3":1,"4":1,"5":1,"6":1,"7":1,"8":1,"9":1,"10":1,"11":1},"f":{},"b":{},"_coverageSchema":"1a1c01bbd47fc00a2c39e90264f33305004495a9","hash":"39dd88b60fd195d3ff1cc319bf280e2c3fa4cfd6"}
,"C:\\Users\\jerry\\Documents\\CIT\\BCIT-ACIT-2911-Agile Development\\GroupProject\\group6\\ACIT-2911-Project-Term-Application\\projectTracker\\backend\\controllers\\eventController.js": {"path":"C:\\Users\\jerry\\Documents\\CIT\\BCIT-ACIT-2911-Agile Development\\GroupProject\\group6\\ACIT-2911-Project-Term-Application\\projectTracker\\backend\\controllers\\eventController.js","statementMap":{"0":{"start":{"line":1,"column":18},"end":{"line":1,"column":49}},"1":{"start":{"line":3,"column":21},"end":{"line":12,"column":1}},"2":{"start":{"line":5,"column":4},"end":{"line":11,"column":5}},"3":{"start":{"line":6,"column":23},"end":{"line":6,"column":70}},"4":{"start":{"line":7,"column":8},"end":{"line":7,"column":45}},"5":{"start":{"line":9,"column":8},"end":{"line":9,"column":36}},"6":{"start":{"line":10,"column":8},"end":{"line":10,"column":63}},"7":{"start":{"line":14,"column":21},"end":{"line":23,"column":1}},"8":{"start":{"line":15,"column":4},"end":{"line":22,"column":5}},"9":{"start":{"line":16,"column":21},"end":{"line":16,"column":31}},"10":{"start":{"line":17,"column":22},"end":{"line":17,"column":46}},"11":{"start":{"line":18,"column":8},"end":{"line":18,"column":42}},"12":{"start":{"line":20,"column":8},"end":{"line":20,"column":36}},"13":{"start":{"line":21,"column":8},"end":{"line":21,"column":63}},"14":{"start":{"line":25,"column":21},"end":{"line":34,"column":1}},"15":{"start":{"line":26,"column":4},"end":{"line":33,"column":5}},"16":{"start":{"line":27,"column":25},"end":{"line":27,"column":44}},"17":{"start":{"line":28,"column":22},"end":{"line":28,"column":43}},"18":{"start":{"line":29,"column":8},"end":{"line":29,"column":42}},"19":{"start":{"line":31,"column":8},"end":{"line":31,"column":36}},"20":{"start":{"line":32,"column":8},"end":{"line":32,"column":51}},"21":{"start":{"line":36,"column":23},"end":{"line":53,"column":1}},"22":{"start":{"line":37,"column":4},"end":{"line":52,"column":5}},"23":{"start":{"line":38,"column":30},"end":{"line":45,"column":9}},"24":{"start":{"line":39,"column":28},"end":{"line":39,"column":30}},"25":{"start":{"line":40,"column":12},"end":{"line":40,"column":63}},"26":{"start":{"line":40,"column":31},"end":{"line":40,"column":63}},"27":{"start":{"line":41,"column":12},"end":{"line":41,"column":81}},"28":{"start":{"line":41,"column":37},"end":{"line":41,"column":81}},"29":{"start":{"line":42,"column":12},"end":{"line":42,"column":60}},"30":{"start":{"line":42,"column":30},"end":{"line":42,"column":60}},"31":{"start":{"line":43,"column":12},"end":{"line":43,"column":69}},"32":{"start":{"line":43,"column":33},"end":{"line":43,"column":69}},"33":{"start":{"line":44,"column":12},"end":{"line":44,"column":28}},"34":{"start":{"line":47,"column":8},"end":{"line":47,"column":69}},"35":{"start":{"line":48,"column":8},"end":{"line":48,"column":67}},"36":{"start":{"line":50,"column":8},"end":{"line":50,"column":36}},"37":{"start":{"line":51,"column":8},"end":{"line":51,"column":51}},"38":{"start":{"line":55,"column":23},"end":{"line":63,"column":1}},"39":{"start":{"line":56,"column":4},"end":{"line":62,"column":5}},"40":{"start":{"line":57,"column":8},"end":{"line":57,"column":53}},"41":{"start":{"line":58,"column":8},"end":{"line":58,"column":66}},"42":{"start":{"line":60,"column":8},"end":{"line":60,"column":36}},"43":{"start":{"line":61,"column":8},"end":{"line":61,"column":51}},"44":{"start":{"line":65,"column":0},"end":{"line":65,"column":91}}},"fnMap":{"0":{"name":"(anonymous_0)","decl":{"start":{"line":3,"column":21},"end":{"line":3,"column":22}},"loc":{"start":{"line":3,"column":41},"end":{"line":12,"column":1}},"line":3},"1":{"name":"(anonymous_1)","decl":{"start":{"line":14,"column":21},"end":{"line":14,"column":22}},"loc":{"start":{"line":14,"column":41},"end":{"line":23,"column":1}},"line":14},"2":{"name":"(anonymous_2)","decl":{"start":{"line":25,"column":21},"end":{"line":25,"column":22}},"loc":{"start":{"line":25,"column":41},"end":{"line":34,"column":1}},"line":25},"3":{"name":"(anonymous_3)","decl":{"start":{"line":36,"column":23},"end":{"line":36,"column":24}},"loc":{"start":{"line":36,"column":43},"end":{"line":53,"column":1}},"line":36},"4":{"name":"(anonymous_4)","decl":{"start":{"line":38,"column":30},"end":{"line":38,"column":31}},"loc":{"start":{"line":38,"column":36},"end":{"line":45,"column":9}},"line":38},"5":{"name":"(anonymous_5)","decl":{"start":{"line":55,"column":23},"end":{"line":55,"column":24}},"loc":{"start":{"line":55,"column":43},"end":{"line":63,"column":1}},"line":55}},"branchMap":{"0":{"loc":{"start":{"line":40,"column":12},"end":{"line":40,"column":63}},"type":"if","locations":[{"start":{"line":40,"column":12},"end":{"line":40,"column":63}},{"start":{},"end":{}}],"line":40},"1":{"loc":{"start":{"line":41,"column":12},"end":{"line":41,"column":81}},"type":"if","locations":[{"start":{"line":41,"column":12},"end":{"line":41,"column":81}},{"start":{},"end":{}}],"line":41},"2":{"loc":{"start":{"line":42,"column":12},"end":{"line":42,"column":60}},"type":"if","locations":[{"start":{"line":42,"column":12},"end":{"line":42,"column":60}},{"start":{},"end":{}}],"line":42},"3":{"loc":{"start":{"line":43,"column":12},"end":{"line":43,"column":69}},"type":"if","locations":[{"start":{"line":43,"column":12},"end":{"line":43,"column":69}},{"start":{},"end":{}}],"line":43}},"s":{"0":1,"1":1,"2":2,"3":2,"4":2,"5":0,"6":0,"7":1,"8":0,"9":0,"10":0,"11":0,"12":0,"13":0,"14":1,"15":5,"16":5,"17":5,"18":5,"19":0,"20":0,"21":1,"22":1,"23":1,"24":1,"25":1,"26":0,"27":1,"28":1,"29":1,"30":0,"31":1,"32":0,"33":1,"34":1,"35":1,"36":0,"37":0,"38":1,"39":1,"40":1,"41":1,"42":0,"43":0,"44":1},"f":{"0":2,"1":0,"2":5,"3":1,"4":1,"5":1},"b":{"0":[0,1],"1":[1,0],"2":[0,1],"3":[0,1]},"_coverageSchema":"1a1c01bbd47fc00a2c39e90264f33305004495a9","hash":"a0129a9cb49e53039eb135ef6a26f3dd3d56404f"}
,"C:\\Users\\jerry\\Documents\\CIT\\BCIT-ACIT-2911-Agile Development\\GroupProject\\group6\\ACIT-2911-Project-Term-Application\\projectTracker\\backend\\controllers\\projectController.js": {"path":"C:\\Users\\jerry\\Documents\\CIT\\BCIT-ACIT-2911-Agile Development\\GroupProject\\group6\\ACIT-2911-Project-Term-Application\\projectTracker\\backend\\controllers\\projectController.js","statementMap":{"0":{"start":{"line":2,"column":20},"end":{"line":2,"column":53}},"1":{"start":{"line":3,"column":23},"end":{"line":3,"column":38}},"2":{"start":{"line":5,"column":23},"end":{"line":13,"column":1}},"3":{"start":{"line":6,"column":4},"end":{"line":12,"column":5}},"4":{"start":{"line":7,"column":25},"end":{"line":7,"column":77}},"5":{"start":{"line":8,"column":8},"end":{"line":8,"column":26}},"6":{"start":{"line":10,"column":8},"end":{"line":10,"column":36}},"7":{"start":{"line":11,"column":8},"end":{"line":11,"column":44}},"8":{"start":{"line":15,"column":22},"end":{"line":23,"column":1}},"9":{"start":{"line":16,"column":4},"end":{"line":22,"column":5}},"10":{"start":{"line":17,"column":24},"end":{"line":17,"column":76}},"11":{"start":{"line":18,"column":8},"end":{"line":18,"column":25}},"12":{"start":{"line":20,"column":8},"end":{"line":20,"column":36}},"13":{"start":{"line":21,"column":8},"end":{"line":21,"column":63}},"14":{"start":{"line":25,"column":23},"end":{"line":38,"column":1}},"15":{"start":{"line":26,"column":4},"end":{"line":37,"column":5}},"16":{"start":{"line":28,"column":25},"end":{"line":28,"column":33}},"17":{"start":{"line":30,"column":27},"end":{"line":30,"column":102}},"18":{"start":{"line":31,"column":8},"end":{"line":31,"column":25}},"19":{"start":{"line":32,"column":25},"end":{"line":32,"column":77}},"20":{"start":{"line":33,"column":8},"end":{"line":33,"column":38}},"21":{"start":{"line":35,"column":8},"end":{"line":35,"column":36}},"22":{"start":{"line":36,"column":8},"end":{"line":36,"column":63}},"23":{"start":{"line":40,"column":25},"end":{"line":49,"column":1}},"24":{"start":{"line":41,"column":4},"end":{"line":48,"column":5}},"25":{"start":{"line":42,"column":23},"end":{"line":42,"column":33}},"26":{"start":{"line":43,"column":8},"end":{"line":43,"column":44}},"27":{"start":{"line":44,"column":8},"end":{"line":44,"column":68}},"28":{"start":{"line":46,"column":8},"end":{"line":46,"column":36}},"29":{"start":{"line":47,"column":8},"end":{"line":47,"column":51}},"30":{"start":{"line":53,"column":0},"end":{"line":53,"column":82}}},"fnMap":{"0":{"name":"(anonymous_0)","decl":{"start":{"line":5,"column":23},"end":{"line":5,"column":24}},"loc":{"start":{"line":5,"column":43},"end":{"line":13,"column":1}},"line":5},"1":{"name":"(anonymous_1)","decl":{"start":{"line":15,"column":22},"end":{"line":15,"column":23}},"loc":{"start":{"line":15,"column":42},"end":{"line":23,"column":1}},"line":15},"2":{"name":"(anonymous_2)","decl":{"start":{"line":25,"column":23},"end":{"line":25,"column":24}},"loc":{"start":{"line":25,"column":43},"end":{"line":38,"column":1}},"line":25},"3":{"name":"(anonymous_3)","decl":{"start":{"line":40,"column":25},"end":{"line":40,"column":26}},"loc":{"start":{"line":40,"column":45},"end":{"line":49,"column":1}},"line":40}},"branchMap":{},"s":{"0":0,"1":0,"2":0,"3":0,"4":0,"5":0,"6":0,"7":0,"8":0,"9":0,"10":0,"11":0,"12":0,"13":0,"14":0,"15":0,"16":0,"17":0,"18":0,"19":0,"20":0,"21":0,"22":0,"23":0,"24":0,"25":0,"26":0,"27":0,"28":0,"29":0,"30":0},"f":{"0":0,"1":0,"2":0,"3":0},"b":{}}
,"C:\\Users\\jerry\\Documents\\CIT\\BCIT-ACIT-2911-Agile Development\\GroupProject\\group6\\ACIT-2911-Project-Term-Application\\projectTracker\\backend\\controllers\\taskController.js": {"path":"C:\\Users\\jerry\\Documents\\CIT\\BCIT-ACIT-2911-Agile Development\\GroupProject\\group6\\ACIT-2911-Project-Term-Application\\projectTracker\\backend\\controllers\\taskController.js","statementMap":{"0":{"start":{"line":1,"column":17},"end":{"line":1,"column":47}},"1":{"start":{"line":3,"column":20},"end":{"line":11,"column":1}},"2":{"start":{"line":4,"column":4},"end":{"line":10,"column":5}},"3":{"start":{"line":5,"column":22},"end":{"line":5,"column":68}},"4":{"start":{"line":6,"column":8},"end":{"line":6,"column":30}},"5":{"start":{"line":8,"column":8},"end":{"line":8,"column":36}},"6":{"start":{"line":9,"column":8},"end":{"line":9,"column":63}},"7":{"start":{"line":13,"column":20},"end":{"line":22,"column":1}},"8":{"start":{"line":14,"column":4},"end":{"line":21,"column":5}},"9":{"start":{"line":15,"column":23},"end":{"line":15,"column":33}},"10":{"start":{"line":16,"column":21},"end":{"line":16,"column":44}},"11":{"start":{"line":17,"column":8},"end":{"line":17,"column":29}},"12":{"start":{"line":19,"column":8},"end":{"line":19,"column":36}},"13":{"start":{"line":20,"column":8},"end":{"line":20,"column":51}},"14":{"start":{"line":24,"column":20},"end":{"line":33,"column":1}},"15":{"start":{"line":25,"column":4},"end":{"line":32,"column":5}},"16":{"start":{"line":26,"column":24},"end":{"line":26,"column":42}},"17":{"start":{"line":27,"column":26},"end":{"line":27,"column":46}},"18":{"start":{"line":28,"column":8},"end":{"line":28,"column":46}},"19":{"start":{"line":30,"column":8},"end":{"line":30,"column":36}},"20":{"start":{"line":31,"column":8},"end":{"line":31,"column":63}},"21":{"start":{"line":35,"column":22},"end":{"line":43,"column":1}},"22":{"start":{"line":36,"column":4},"end":{"line":42,"column":5}},"23":{"start":{"line":37,"column":28},"end":{"line":37,"column":81}},"24":{"start":{"line":38,"column":8},"end":{"line":38,"column":77}},"25":{"start":{"line":40,"column":8},"end":{"line":40,"column":36}},"26":{"start":{"line":41,"column":8},"end":{"line":41,"column":63}},"27":{"start":{"line":45,"column":22},"end":{"line":54,"column":1}},"28":{"start":{"line":46,"column":4},"end":{"line":53,"column":5}},"29":{"start":{"line":47,"column":23},"end":{"line":47,"column":33}},"30":{"start":{"line":48,"column":8},"end":{"line":48,"column":41}},"31":{"start":{"line":49,"column":8},"end":{"line":49,"column":66}},"32":{"start":{"line":51,"column":8},"end":{"line":51,"column":36}},"33":{"start":{"line":52,"column":8},"end":{"line":52,"column":51}},"34":{"start":{"line":56,"column":0},"end":{"line":56,"column":88}}},"fnMap":{"0":{"name":"(anonymous_0)","decl":{"start":{"line":3,"column":20},"end":{"line":3,"column":21}},"loc":{"start":{"line":3,"column":40},"end":{"line":11,"column":1}},"line":3},"1":{"name":"(anonymous_1)","decl":{"start":{"line":13,"column":20},"end":{"line":13,"column":21}},"loc":{"start":{"line":13,"column":40},"end":{"line":22,"column":1}},"line":13},"2":{"name":"(anonymous_2)","decl":{"start":{"line":24,"column":20},"end":{"line":24,"column":21}},"loc":{"start":{"line":24,"column":40},"end":{"line":33,"column":1}},"line":24},"3":{"name":"(anonymous_3)","decl":{"start":{"line":35,"column":22},"end":{"line":35,"column":23}},"loc":{"start":{"line":35,"column":42},"end":{"line":43,"column":1}},"line":35},"4":{"name":"(anonymous_4)","decl":{"start":{"line":45,"column":22},"end":{"line":45,"column":23}},"loc":{"start":{"line":45,"column":42},"end":{"line":54,"column":1}},"line":45}},"branchMap":{},"s":{"0":1,"1":1,"2":2,"3":2,"4":2,"5":0,"6":0,"7":1,"8":0,"9":0,"10":0,"11":0,"12":0,"13":0,"14":1,"15":5,"16":5,"17":5,"18":5,"19":0,"20":0,"21":1,"22":1,"23":1,"24":1,"25":0,"26":0,"27":1,"28":1,"29":1,"30":1,"31":1,"32":0,"33":0,"34":1},"f":{"0":2,"1":0,"2":5,"3":1,"4":1},"b":{},"_coverageSchema":"1a1c01bbd47fc00a2c39e90264f33305004495a9","hash":"11ff07845f94c1f5730557f337c35bad0f9cded9"}
,"C:\\Users\\jerry\\Documents\\CIT\\BCIT-ACIT-2911-Agile Development\\GroupProject\\group6\\ACIT-2911-Project-Term-Application\\projectTracker\\backend\\models\\eventModel.js": {"path":"C:\\Users\\jerry\\Documents\\CIT\\BCIT-ACIT-2911-Agile Development\\GroupProject\\group6\\ACIT-2911-Project-Term-Application\\projectTracker\\backend\\models\\eventModel.js","statementMap":{"0":{"start":{"line":1,"column":17},"end":{"line":1,"column":36}},"1":{"start":{"line":4,"column":20},"end":{"line":22,"column":2}},"2":{"start":{"line":24,"column":14},"end":{"line":24,"column":50}},"3":{"start":{"line":26,"column":0},"end":{"line":26,"column":26}}},"fnMap":{},"branchMap":{},"s":{"0":1,"1":1,"2":1,"3":1},"f":{},"b":{},"_coverageSchema":"1a1c01bbd47fc00a2c39e90264f33305004495a9","hash":"4b11a86805d0644808c9f26092bbbb692fa3beea"}
,"C:\\Users\\jerry\\Documents\\CIT\\BCIT-ACIT-2911-Agile Development\\GroupProject\\group6\\ACIT-2911-Project-Term-Application\\projectTracker\\backend\\models\\projectModel.js": {"path":"C:\\Users\\jerry\\Documents\\CIT\\BCIT-ACIT-2911-Agile Development\\GroupProject\\group6\\ACIT-2911-Project-Term-Application\\projectTracker\\backend\\models\\projectModel.js","statementMap":{"0":{"start":{"line":1,"column":17},"end":{"line":1,"column":36}},"1":{"start":{"line":3,"column":22},"end":{"line":16,"column":2}},"2":{"start":{"line":19,"column":16},"end":{"line":19,"column":56}},"3":{"start":{"line":21,"column":0},"end":{"line":21,"column":28}}},"fnMap":{},"branchMap":{},"s":{"0":0,"1":0,"2":0,"3":0},"f":{},"b":{}}
,"C:\\Users\\jerry\\Documents\\CIT\\BCIT-ACIT-2911-Agile Development\\GroupProject\\group6\\ACIT-2911-Project-Term-Application\\projectTracker\\backend\\models\\taskModel.js": {"path":"C:\\Users\\jerry\\Documents\\CIT\\BCIT-ACIT-2911-Agile Development\\GroupProject\\group6\\ACIT-2911-Project-Term-Application\\projectTracker\\backend\\models\\taskModel.js","statementMap":{"0":{"start":{"line":1,"column":20},"end":{"line":1,"column":38}},"1":{"start":{"line":2,"column":17},"end":{"line":2,"column":36}},"2":{"start":{"line":4,"column":19},"end":{"line":24,"column":2}},"3":{"start":{"line":26,"column":13},"end":{"line":26,"column":47}},"4":{"start":{"line":28,"column":0},"end":{"line":28,"column":25}}},"fnMap":{},"branchMap":{},"s":{"0":1,"1":1,"2":1,"3":1,"4":1},"f":{},"b":{},"_coverageSchema":"1a1c01bbd47fc00a2c39e90264f33305004495a9","hash":"02ce8122805a43588b9a387cf13c4935c1e21237"}
,"C:\\Users\\jerry\\Documents\\CIT\\BCIT-ACIT-2911-Agile Development\\GroupProject\\group6\\ACIT-2911-Project-Term-Application\\projectTracker\\backend\\routers\\eventRoutes.js": {"path":"C:\\Users\\jerry\\Documents\\CIT\\BCIT-ACIT-2911-Agile Development\\GroupProject\\group6\\ACIT-2911-Project-Term-Application\\projectTracker\\backend\\routers\\eventRoutes.js","statementMap":{"0":{"start":{"line":1,"column":16},"end":{"line":1,"column":34}},"1":{"start":{"line":2,"column":15},"end":{"line":2,"column":31}},"2":{"start":{"line":3,"column":85},"end":{"line":3,"column":126}},"3":{"start":{"line":6,"column":0},"end":{"line":6,"column":37}},"4":{"start":{"line":9,"column":0},"end":{"line":9,"column":32}},"5":{"start":{"line":12,"column":0},"end":{"line":12,"column":42}},"6":{"start":{"line":15,"column":0},"end":{"line":15,"column":36}},"7":{"start":{"line":18,"column":0},"end":{"line":18,"column":37}},"8":{"start":{"line":20,"column":0},"end":{"line":20,"column":23}}},"fnMap":{},"branchMap":{},"s":{"0":1,"1":1,"2":1,"3":1,"4":1,"5":1,"6":1,"7":1,"8":1},"f":{},"b":{},"_coverageSchema":"1a1c01bbd47fc00a2c39e90264f33305004495a9","hash":"09918fd7cb045329efa6305ff8cabb2469f15ff1"}
,"C:\\Users\\jerry\\Documents\\CIT\\BCIT-ACIT-2911-Agile Development\\GroupProject\\group6\\ACIT-2911-Project-Term-Application\\projectTracker\\backend\\routers\\projectRoutes.js": {"path":"C:\\Users\\jerry\\Documents\\CIT\\BCIT-ACIT-2911-Agile Development\\GroupProject\\group6\\ACIT-2911-Project-Term-Application\\projectTracker\\backend\\routers\\projectRoutes.js","statementMap":{"0":{"start":{"line":1,"column":16},"end":{"line":1,"column":34}},"1":{"start":{"line":2,"column":15},"end":{"line":2,"column":31}},"2":{"start":{"line":3,"column":74},"end":{"line":3,"column":117}},"3":{"start":{"line":4,"column":41},"end":{"line":4,"column":74}},"4":{"start":{"line":7,"column":0},"end":{"line":7,"column":61}},"5":{"start":{"line":10,"column":0},"end":{"line":10,"column":38}},"6":{"start":{"line":13,"column":0},"end":{"line":13,"column":46}},"7":{"start":{"line":19,"column":0},"end":{"line":19,"column":39}},"8":{"start":{"line":21,"column":0},"end":{"line":21,"column":23}}},"fnMap":{},"branchMap":{},"s":{"0":0,"1":0,"2":0,"3":0,"4":0,"5":0,"6":0,"7":0,"8":0},"f":{},"b":{}}
,"C:\\Users\\jerry\\Documents\\CIT\\BCIT-ACIT-2911-Agile Development\\GroupProject\\group6\\ACIT-2911-Project-Term-Application\\projectTracker\\backend\\routers\\taskRoutes.js": {"path":"C:\\Users\\jerry\\Documents\\CIT\\BCIT-ACIT-2911-Agile Development\\GroupProject\\group6\\ACIT-2911-Project-Term-Application\\projectTracker\\backend\\routers\\taskRoutes.js","statementMap":{"0":{"start":{"line":1,"column":16},"end":{"line":1,"column":34}},"1":{"start":{"line":2,"column":79},"end":{"line":2,"column":119}},"2":{"start":{"line":3,"column":15},"end":{"line":3,"column":31}},"3":{"start":{"line":6,"column":0},"end":{"line":6,"column":36}},"4":{"start":{"line":9,"column":0},"end":{"line":9,"column":31}},"5":{"start":{"line":12,"column":0},"end":{"line":12,"column":40}},"6":{"start":{"line":15,"column":0},"end":{"line":15,"column":35}},"7":{"start":{"line":18,"column":0},"end":{"line":18,"column":36}},"8":{"start":{"line":20,"column":0},"end":{"line":20,"column":23}}},"fnMap":{},"branchMap":{},"s":{"0":1,"1":1,"2":1,"3":1,"4":1,"5":1,"6":1,"7":1,"8":1},"f":{},"b":{},"_coverageSchema":"1a1c01bbd47fc00a2c39e90264f33305004495a9","hash":"443f8153f109c88e161c3b6b6fa7fd87d56fe4bd"}
}
