TN:
SF:app.js
FNF:0
FNH:0
DA:1,1
DA:2,1
DA:4,1
DA:5,1
DA:7,1
DA:8,1
DA:10,1
DA:11,1
DA:14,1
DA:15,1
DA:18,1
LF:11
LH:11
BRF:0
BRH:0
end_of_record
TN:
SF:controllers\eventController.js
FN:3,(anonymous_0)
FN:14,(anonymous_1)
FN:25,(anonymous_2)
FN:36,(anonymous_3)
FN:46,(anonymous_4)
FNF:5
FNH:5
FNDA:1,(anonymous_0)
FNDA:1,(anonymous_1)
FNDA:4,(anonymous_2)
FNDA:1,(anonymous_3)
FNDA:1,(anonymous_4)
DA:1,1
DA:3,1
DA:5,1
DA:6,1
DA:7,1
DA:9,0
DA:10,0
DA:14,1
DA:15,1
DA:16,1
DA:17,1
DA:18,1
DA:20,0
DA:21,0
DA:25,1
DA:26,4
DA:27,4
DA:28,4
DA:29,4
DA:31,0
DA:32,0
DA:36,1
DA:37,1
DA:38,1
DA:39,1
DA:41,0
DA:42,0
DA:46,1
DA:47,1
DA:48,1
DA:49,1
DA:51,0
DA:52,0
DA:56,1
LF:34
LH:24
BRF:0
BRH:0
end_of_record
TN:
SF:controllers\taskController.js
FN:3,(anonymous_0)
FN:13,(anonymous_1)
FN:24,(anonymous_2)
FN:35,(anonymous_3)
FN:45,(anonymous_4)
FNF:5
FNH:5
FNDA:1,(anonymous_0)
FNDA:1,(anonymous_1)
FNDA:4,(anonymous_2)
FNDA:1,(anonymous_3)
FNDA:1,(anonymous_4)
DA:1,1
DA:3,1
DA:4,1
DA:5,1
DA:6,1
DA:8,0
DA:9,0
DA:13,1
DA:14,1
DA:15,1
DA:16,1
DA:17,1
DA:19,0
DA:20,0
DA:24,1
DA:25,4
DA:26,4
DA:27,4
DA:28,4
DA:30,0
DA:31,0
DA:35,1
DA:36,1
DA:37,1
DA:38,1
DA:40,0
DA:41,0
DA:45,1
DA:46,1
DA:47,1
DA:48,1
DA:49,1
DA:51,0
DA:52,0
DA:56,1
LF:35
LH:25
BRF:0
BRH:0
end_of_record
TN:
SF:models\eventModel.js
FNF:0
FNH:0
DA:1,1
DA:4,1
DA:19,1
DA:21,1
LF:4
LH:4
BRF:0
BRH:0
end_of_record
TN:
SF:models\taskModel.js
FNF:0
FNH:0
DA:1,1
DA:2,1
DA:4,1
DA:21,1
DA:23,1
LF:5
LH:5
BRF:0
BRH:0
end_of_record
TN:
SF:models\userModel.js
FNF:0
FNH:0
DA:1,0
DA:3,0
DA:18,0
DA:20,0
LF:4
LH:0
BRF:0
BRH:0
end_of_record
TN:
SF:routers\eventRoutes.js
FNF:0
FNH:0
DA:1,1
DA:2,1
DA:3,1
DA:6,1
DA:9,1
DA:12,1
DA:15,1
DA:18,1
DA:20,1
LF:9
LH:9
BRF:0
BRH:0
end_of_record
TN:
SF:routers\taskRoutes.js
FNF:0
FNH:0
DA:1,1
DA:2,1
DA:3,1
DA:6,1
DA:9,1
DA:12,1
DA:15,1
DA:18,1
DA:20,1
LF:9
LH:9
BRF:0
BRH:0
end_of_record
